ARM GAS  C:\Users\MICHAE~1.MAC\AppData\Local\Temp\cc0S0LvO.s 			page 1


   1              		.syntax unified
   2              		.cpu cortex-m0plus
   3              		.fpu softvfp
   4              		.eabi_attribute 20, 1
   5              		.eabi_attribute 21, 1
   6              		.eabi_attribute 23, 3
   7              		.eabi_attribute 24, 1
   8              		.eabi_attribute 25, 1
   9              		.eabi_attribute 26, 1
  10              		.eabi_attribute 30, 1
  11              		.eabi_attribute 34, 0
  12              		.eabi_attribute 18, 4
  13              		.thumb
  14              		.syntax unified
  15              		.file	"cyfitter_cfg.c"
  16              		.text
  17              	.Ltext0:
  18              		.cfi_sections	.debug_frame
  19              		.section	.psocinit,"ax",%progbits
  20              		.align	2
  21              		.code	16
  22              		.thumb_func
  23              		.type	ClockSetup, %function
  24              	ClockSetup:
  25              	.LFB4:
  26              		.file 1 "Generated_Source\\PSoC4\\cyfitter_cfg.c"
   1:Generated_Source\PSoC4/cyfitter_cfg.c **** 
   2:Generated_Source\PSoC4/cyfitter_cfg.c **** /*******************************************************************************
   3:Generated_Source\PSoC4/cyfitter_cfg.c **** * File Name: cyfitter_cfg.c
   4:Generated_Source\PSoC4/cyfitter_cfg.c **** * 
   5:Generated_Source\PSoC4/cyfitter_cfg.c **** * PSoC Creator  4.2
   6:Generated_Source\PSoC4/cyfitter_cfg.c **** *
   7:Generated_Source\PSoC4/cyfitter_cfg.c **** * Description:
   8:Generated_Source\PSoC4/cyfitter_cfg.c **** * This file contains device initialization code.
   9:Generated_Source\PSoC4/cyfitter_cfg.c **** * Except for the user defined sections in CyClockStartupError(), this file should not be modified.
  10:Generated_Source\PSoC4/cyfitter_cfg.c **** * This file is automatically generated by PSoC Creator.
  11:Generated_Source\PSoC4/cyfitter_cfg.c **** *
  12:Generated_Source\PSoC4/cyfitter_cfg.c **** ********************************************************************************
  13:Generated_Source\PSoC4/cyfitter_cfg.c **** * Copyright (c) 2007-2018 Cypress Semiconductor.  All rights reserved.
  14:Generated_Source\PSoC4/cyfitter_cfg.c **** * You may use this file only in accordance with the license, terms, conditions, 
  15:Generated_Source\PSoC4/cyfitter_cfg.c **** * disclaimers, and limitations in the end user license agreement accompanying 
  16:Generated_Source\PSoC4/cyfitter_cfg.c **** * the software package with which this file was provided.
  17:Generated_Source\PSoC4/cyfitter_cfg.c **** ********************************************************************************/
  18:Generated_Source\PSoC4/cyfitter_cfg.c **** 
  19:Generated_Source\PSoC4/cyfitter_cfg.c **** #include <string.h>
  20:Generated_Source\PSoC4/cyfitter_cfg.c **** #include "cytypes.h"
  21:Generated_Source\PSoC4/cyfitter_cfg.c **** #include "cydevice_trm.h"
  22:Generated_Source\PSoC4/cyfitter_cfg.c **** #include "cyfitter.h"
  23:Generated_Source\PSoC4/cyfitter_cfg.c **** #include "CyLib.h"
  24:Generated_Source\PSoC4/cyfitter_cfg.c **** #include "cyfitter_cfg.h"
  25:Generated_Source\PSoC4/cyfitter_cfg.c **** 
  26:Generated_Source\PSoC4/cyfitter_cfg.c **** 
  27:Generated_Source\PSoC4/cyfitter_cfg.c **** #if defined(__GNUC__) || defined(__ARMCC_VERSION)
  28:Generated_Source\PSoC4/cyfitter_cfg.c ****     #define CYPACKED 
  29:Generated_Source\PSoC4/cyfitter_cfg.c ****     #define CYPACKED_ATTR __attribute__ ((packed))
  30:Generated_Source\PSoC4/cyfitter_cfg.c ****     #define CYALIGNED __attribute__ ((aligned))
  31:Generated_Source\PSoC4/cyfitter_cfg.c ****     #define CY_CFG_UNUSED __attribute__ ((unused))
ARM GAS  C:\Users\MICHAE~1.MAC\AppData\Local\Temp\cc0S0LvO.s 			page 2


  32:Generated_Source\PSoC4/cyfitter_cfg.c ****     #ifndef CY_CFG_SECTION
  33:Generated_Source\PSoC4/cyfitter_cfg.c ****         #define CY_CFG_SECTION __attribute__ ((section(".psocinit")))
  34:Generated_Source\PSoC4/cyfitter_cfg.c ****     #endif
  35:Generated_Source\PSoC4/cyfitter_cfg.c ****     
  36:Generated_Source\PSoC4/cyfitter_cfg.c ****     #if defined(__ARMCC_VERSION)
  37:Generated_Source\PSoC4/cyfitter_cfg.c ****         #define CY_CFG_MEMORY_BARRIER() __memory_changed()
  38:Generated_Source\PSoC4/cyfitter_cfg.c ****     #else
  39:Generated_Source\PSoC4/cyfitter_cfg.c ****         #define CY_CFG_MEMORY_BARRIER() __sync_synchronize()
  40:Generated_Source\PSoC4/cyfitter_cfg.c ****     #endif
  41:Generated_Source\PSoC4/cyfitter_cfg.c ****     
  42:Generated_Source\PSoC4/cyfitter_cfg.c **** #elif defined(__ICCARM__)
  43:Generated_Source\PSoC4/cyfitter_cfg.c ****     #include <intrinsics.h>
  44:Generated_Source\PSoC4/cyfitter_cfg.c **** 
  45:Generated_Source\PSoC4/cyfitter_cfg.c ****     #define CYPACKED __packed
  46:Generated_Source\PSoC4/cyfitter_cfg.c ****     #define CYPACKED_ATTR 
  47:Generated_Source\PSoC4/cyfitter_cfg.c ****     #define CYALIGNED _Pragma("data_alignment=4")
  48:Generated_Source\PSoC4/cyfitter_cfg.c ****     #define CY_CFG_UNUSED _Pragma("diag_suppress=Pe177")
  49:Generated_Source\PSoC4/cyfitter_cfg.c ****     #define CY_CFG_SECTION _Pragma("location=\".psocinit\"")
  50:Generated_Source\PSoC4/cyfitter_cfg.c ****     
  51:Generated_Source\PSoC4/cyfitter_cfg.c ****     #define CY_CFG_MEMORY_BARRIER() __DMB()
  52:Generated_Source\PSoC4/cyfitter_cfg.c ****     
  53:Generated_Source\PSoC4/cyfitter_cfg.c **** #else
  54:Generated_Source\PSoC4/cyfitter_cfg.c ****     #error Unsupported toolchain
  55:Generated_Source\PSoC4/cyfitter_cfg.c **** #endif
  56:Generated_Source\PSoC4/cyfitter_cfg.c **** 
  57:Generated_Source\PSoC4/cyfitter_cfg.c **** #ifndef CYCODE
  58:Generated_Source\PSoC4/cyfitter_cfg.c ****     #define CYCODE
  59:Generated_Source\PSoC4/cyfitter_cfg.c **** #endif
  60:Generated_Source\PSoC4/cyfitter_cfg.c **** #ifndef CYDATA
  61:Generated_Source\PSoC4/cyfitter_cfg.c ****     #define CYDATA
  62:Generated_Source\PSoC4/cyfitter_cfg.c **** #endif
  63:Generated_Source\PSoC4/cyfitter_cfg.c **** #ifndef CYFAR
  64:Generated_Source\PSoC4/cyfitter_cfg.c ****     #define CYFAR
  65:Generated_Source\PSoC4/cyfitter_cfg.c **** #endif
  66:Generated_Source\PSoC4/cyfitter_cfg.c **** #ifndef CYXDATA
  67:Generated_Source\PSoC4/cyfitter_cfg.c ****     #define CYXDATA
  68:Generated_Source\PSoC4/cyfitter_cfg.c **** #endif
  69:Generated_Source\PSoC4/cyfitter_cfg.c **** 
  70:Generated_Source\PSoC4/cyfitter_cfg.c **** 
  71:Generated_Source\PSoC4/cyfitter_cfg.c **** CY_CFG_UNUSED
  72:Generated_Source\PSoC4/cyfitter_cfg.c **** static void CYMEMZERO(void *s, size_t n);
  73:Generated_Source\PSoC4/cyfitter_cfg.c **** CY_CFG_UNUSED
  74:Generated_Source\PSoC4/cyfitter_cfg.c **** static void CYMEMZERO(void *s, size_t n)
  75:Generated_Source\PSoC4/cyfitter_cfg.c **** {
  76:Generated_Source\PSoC4/cyfitter_cfg.c **** 	(void)memset(s, 0, n);
  77:Generated_Source\PSoC4/cyfitter_cfg.c **** }
  78:Generated_Source\PSoC4/cyfitter_cfg.c **** CY_CFG_UNUSED
  79:Generated_Source\PSoC4/cyfitter_cfg.c **** static void CYCONFIGCPY(void *dest, const void *src, size_t n);
  80:Generated_Source\PSoC4/cyfitter_cfg.c **** CY_CFG_UNUSED
  81:Generated_Source\PSoC4/cyfitter_cfg.c **** static void CYCONFIGCPY(void *dest, const void *src, size_t n)
  82:Generated_Source\PSoC4/cyfitter_cfg.c **** {
  83:Generated_Source\PSoC4/cyfitter_cfg.c **** 	(void)memcpy(dest, src, n);
  84:Generated_Source\PSoC4/cyfitter_cfg.c **** }
  85:Generated_Source\PSoC4/cyfitter_cfg.c **** CY_CFG_UNUSED
  86:Generated_Source\PSoC4/cyfitter_cfg.c **** static void CYCONFIGCPYCODE(void *dest, const void *src, size_t n);
  87:Generated_Source\PSoC4/cyfitter_cfg.c **** CY_CFG_UNUSED
  88:Generated_Source\PSoC4/cyfitter_cfg.c **** static void CYCONFIGCPYCODE(void *dest, const void *src, size_t n)
ARM GAS  C:\Users\MICHAE~1.MAC\AppData\Local\Temp\cc0S0LvO.s 			page 3


  89:Generated_Source\PSoC4/cyfitter_cfg.c **** {
  90:Generated_Source\PSoC4/cyfitter_cfg.c **** 	(void)memcpy(dest, src, n);
  91:Generated_Source\PSoC4/cyfitter_cfg.c **** }
  92:Generated_Source\PSoC4/cyfitter_cfg.c **** 
  93:Generated_Source\PSoC4/cyfitter_cfg.c **** 
  94:Generated_Source\PSoC4/cyfitter_cfg.c **** 
  95:Generated_Source\PSoC4/cyfitter_cfg.c **** 
  96:Generated_Source\PSoC4/cyfitter_cfg.c **** /* Clock startup error codes                                                   */
  97:Generated_Source\PSoC4/cyfitter_cfg.c **** #define CYCLOCKSTART_NO_ERROR    0u
  98:Generated_Source\PSoC4/cyfitter_cfg.c **** #define CYCLOCKSTART_XTAL_ERROR  1u
  99:Generated_Source\PSoC4/cyfitter_cfg.c **** #define CYCLOCKSTART_32KHZ_ERROR 2u
 100:Generated_Source\PSoC4/cyfitter_cfg.c **** #define CYCLOCKSTART_PLL_ERROR   3u
 101:Generated_Source\PSoC4/cyfitter_cfg.c **** #define CYCLOCKSTART_FLL_ERROR   4u
 102:Generated_Source\PSoC4/cyfitter_cfg.c **** #define CYCLOCKSTART_WCO_ERROR   5u
 103:Generated_Source\PSoC4/cyfitter_cfg.c **** 
 104:Generated_Source\PSoC4/cyfitter_cfg.c **** 
 105:Generated_Source\PSoC4/cyfitter_cfg.c **** #ifdef CY_NEED_CYCLOCKSTARTUPERROR
 106:Generated_Source\PSoC4/cyfitter_cfg.c **** /*******************************************************************************
 107:Generated_Source\PSoC4/cyfitter_cfg.c **** * Function Name: CyClockStartupError
 108:Generated_Source\PSoC4/cyfitter_cfg.c **** ********************************************************************************
 109:Generated_Source\PSoC4/cyfitter_cfg.c **** * Summary:
 110:Generated_Source\PSoC4/cyfitter_cfg.c **** *  If an error is encountered during clock configuration (crystal startup error,
 111:Generated_Source\PSoC4/cyfitter_cfg.c **** *  PLL lock error, etc.), the system will end up here.  Unless reimplemented by
 112:Generated_Source\PSoC4/cyfitter_cfg.c **** *  the customer, this function will stop in an infinite loop.
 113:Generated_Source\PSoC4/cyfitter_cfg.c **** *
 114:Generated_Source\PSoC4/cyfitter_cfg.c **** * Parameters:
 115:Generated_Source\PSoC4/cyfitter_cfg.c **** *   void
 116:Generated_Source\PSoC4/cyfitter_cfg.c **** *
 117:Generated_Source\PSoC4/cyfitter_cfg.c **** * Return:
 118:Generated_Source\PSoC4/cyfitter_cfg.c **** *   void
 119:Generated_Source\PSoC4/cyfitter_cfg.c **** *
 120:Generated_Source\PSoC4/cyfitter_cfg.c **** *******************************************************************************/
 121:Generated_Source\PSoC4/cyfitter_cfg.c **** CY_CFG_UNUSED
 122:Generated_Source\PSoC4/cyfitter_cfg.c **** static void CyClockStartupError(uint8 errorCode);
 123:Generated_Source\PSoC4/cyfitter_cfg.c **** CY_CFG_UNUSED
 124:Generated_Source\PSoC4/cyfitter_cfg.c **** static void CyClockStartupError(uint8 errorCode)
 125:Generated_Source\PSoC4/cyfitter_cfg.c **** {
 126:Generated_Source\PSoC4/cyfitter_cfg.c ****     /* To remove the compiler warning if errorCode not used.                */
 127:Generated_Source\PSoC4/cyfitter_cfg.c ****     errorCode = errorCode;
 128:Generated_Source\PSoC4/cyfitter_cfg.c **** 
 129:Generated_Source\PSoC4/cyfitter_cfg.c ****     /* If we have a clock startup error (bad MHz crystal, PLL lock, etc.),  */
 130:Generated_Source\PSoC4/cyfitter_cfg.c ****     /* we will end up here to allow the customer to implement something to  */
 131:Generated_Source\PSoC4/cyfitter_cfg.c ****     /* deal with the clock condition.                                       */
 132:Generated_Source\PSoC4/cyfitter_cfg.c **** 
 133:Generated_Source\PSoC4/cyfitter_cfg.c **** #ifdef CY_CFG_CLOCK_STARTUP_ERROR_CALLBACK
 134:Generated_Source\PSoC4/cyfitter_cfg.c ****     CY_CFG_Clock_Startup_ErrorCallback();
 135:Generated_Source\PSoC4/cyfitter_cfg.c **** #else
 136:Generated_Source\PSoC4/cyfitter_cfg.c ****     /*  If not using CY_CFG_CLOCK_STARTUP_ERROR_CALLBACK, place your clock startup code here. */
 137:Generated_Source\PSoC4/cyfitter_cfg.c ****     /* `#START CyClockStartupError` */
 138:Generated_Source\PSoC4/cyfitter_cfg.c **** 
 139:Generated_Source\PSoC4/cyfitter_cfg.c **** 
 140:Generated_Source\PSoC4/cyfitter_cfg.c **** 
 141:Generated_Source\PSoC4/cyfitter_cfg.c ****     /* `#END` */
 142:Generated_Source\PSoC4/cyfitter_cfg.c **** 
 143:Generated_Source\PSoC4/cyfitter_cfg.c ****     while(1) {}
 144:Generated_Source\PSoC4/cyfitter_cfg.c **** #endif /* CY_CFG_CLOCK_STARTUP_ERROR_CALLBACK */
 145:Generated_Source\PSoC4/cyfitter_cfg.c **** }
ARM GAS  C:\Users\MICHAE~1.MAC\AppData\Local\Temp\cc0S0LvO.s 			page 4


 146:Generated_Source\PSoC4/cyfitter_cfg.c **** #endif
 147:Generated_Source\PSoC4/cyfitter_cfg.c **** 
 148:Generated_Source\PSoC4/cyfitter_cfg.c **** 
 149:Generated_Source\PSoC4/cyfitter_cfg.c **** 
 150:Generated_Source\PSoC4/cyfitter_cfg.c **** /*******************************************************************************
 151:Generated_Source\PSoC4/cyfitter_cfg.c **** * Function Name: ClockSetup
 152:Generated_Source\PSoC4/cyfitter_cfg.c **** ********************************************************************************
 153:Generated_Source\PSoC4/cyfitter_cfg.c **** *
 154:Generated_Source\PSoC4/cyfitter_cfg.c **** * Summary:
 155:Generated_Source\PSoC4/cyfitter_cfg.c **** *   Performs the initialization of all of the clocks in the device based on the
 156:Generated_Source\PSoC4/cyfitter_cfg.c **** *   settings in the Clock tab of the DWR.  This includes enabling the requested
 157:Generated_Source\PSoC4/cyfitter_cfg.c **** *   clocks and setting the necessary dividers to produce the desired frequency. 
 158:Generated_Source\PSoC4/cyfitter_cfg.c **** *
 159:Generated_Source\PSoC4/cyfitter_cfg.c **** * Parameters:
 160:Generated_Source\PSoC4/cyfitter_cfg.c **** *   void
 161:Generated_Source\PSoC4/cyfitter_cfg.c **** *
 162:Generated_Source\PSoC4/cyfitter_cfg.c **** * Return:
 163:Generated_Source\PSoC4/cyfitter_cfg.c **** *   void
 164:Generated_Source\PSoC4/cyfitter_cfg.c **** *
 165:Generated_Source\PSoC4/cyfitter_cfg.c **** *******************************************************************************/
 166:Generated_Source\PSoC4/cyfitter_cfg.c **** static void ClockSetup(void);
 167:Generated_Source\PSoC4/cyfitter_cfg.c **** CY_CFG_SECTION
 168:Generated_Source\PSoC4/cyfitter_cfg.c **** static void ClockSetup(void)
 169:Generated_Source\PSoC4/cyfitter_cfg.c **** {
  27              		.loc 1 169 0
  28              		.cfi_startproc
  29              		@ args = 0, pretend = 0, frame = 0
  30              		@ frame_needed = 0, uses_anonymous_args = 0
  31 0000 10B5     		push	{r4, lr}
  32              		.cfi_def_cfa_offset 8
  33              		.cfi_offset 4, -8
  34              		.cfi_offset 14, -4
 170:Generated_Source\PSoC4/cyfitter_cfg.c **** 
 171:Generated_Source\PSoC4/cyfitter_cfg.c **** 	/* Set Flash Cycles based on max possible frequency in case a glitch occurs during ClockSetup(). *
 172:Generated_Source\PSoC4/cyfitter_cfg.c **** 	CY_SET_REG32((void CYXDATA *)(CYREG_CPUSS_FLASH_CTL), (0x0012u));
  35              		.loc 1 172 0
  36 0002 154C     		ldr	r4, .L2
  37 0004 1223     		movs	r3, #18
  38 0006 2360     		str	r3, [r4]
 173:Generated_Source\PSoC4/cyfitter_cfg.c **** 	/* Update IMO to new clock speed. */
 174:Generated_Source\PSoC4/cyfitter_cfg.c **** 	CySysClkWriteImoFreq(24u);
  39              		.loc 1 174 0
  40 0008 1820     		movs	r0, #24
  41 000a FFF7FEFF 		bl	CySysClkWriteImoFreq
  42              	.LVL0:
 175:Generated_Source\PSoC4/cyfitter_cfg.c **** 
 176:Generated_Source\PSoC4/cyfitter_cfg.c **** 	/* Setup phase aligned clocks */
 177:Generated_Source\PSoC4/cyfitter_cfg.c **** 	CY_SET_REG32((void *)CYREG_PERI_DIV_16_CTL2, 0x00000B00u);
  43              		.loc 1 177 0
  44 000e B022     		movs	r2, #176
  45 0010 1201     		lsls	r2, r2, #4
  46 0012 124B     		ldr	r3, .L2+4
  47 0014 1A60     		str	r2, [r3]
 178:Generated_Source\PSoC4/cyfitter_cfg.c **** 	CY_SET_REG32((void *)CYREG_PERI_DIV_CMD, 0x8000FF42u);
  48              		.loc 1 178 0
  49 0016 124B     		ldr	r3, .L2+8
  50 0018 124A     		ldr	r2, .L2+12
ARM GAS  C:\Users\MICHAE~1.MAC\AppData\Local\Temp\cc0S0LvO.s 			page 5


  51 001a 1A60     		str	r2, [r3]
 179:Generated_Source\PSoC4/cyfitter_cfg.c **** 	CY_SET_REG32((void *)CYREG_PERI_DIV_16_CTL0, 0x0000FE00u);
  52              		.loc 1 179 0
  53 001c FE21     		movs	r1, #254
  54 001e 0902     		lsls	r1, r1, #8
  55 0020 114A     		ldr	r2, .L2+16
  56 0022 1160     		str	r1, [r2]
 180:Generated_Source\PSoC4/cyfitter_cfg.c **** 	CY_SET_REG32((void *)CYREG_PERI_DIV_CMD, 0x8000FF40u);
  57              		.loc 1 180 0
  58 0024 114A     		ldr	r2, .L2+20
  59 0026 1A60     		str	r2, [r3]
 181:Generated_Source\PSoC4/cyfitter_cfg.c **** 	CY_SET_REG32((void *)CYREG_PERI_DIV_16_CTL1, 0x00000200u);
  60              		.loc 1 181 0
  61 0028 8021     		movs	r1, #128
  62 002a 8900     		lsls	r1, r1, #2
  63 002c 104A     		ldr	r2, .L2+24
  64 002e 1160     		str	r1, [r2]
 182:Generated_Source\PSoC4/cyfitter_cfg.c **** 	CY_SET_REG32((void *)CYREG_PERI_DIV_CMD, 0x8000FF41u);
  65              		.loc 1 182 0
  66 0030 104A     		ldr	r2, .L2+28
  67 0032 1A60     		str	r2, [r3]
 183:Generated_Source\PSoC4/cyfitter_cfg.c **** 
 184:Generated_Source\PSoC4/cyfitter_cfg.c **** 	/* CYDEV_CLK_SELECT Starting address: CYDEV_CLK_SELECT */
 185:Generated_Source\PSoC4/cyfitter_cfg.c **** 	CY_SET_REG32((void *)(CYREG_CLK_SELECT), 0x00000000u);
  68              		.loc 1 185 0
  69 0034 0022     		movs	r2, #0
  70 0036 104B     		ldr	r3, .L2+32
  71 0038 1A60     		str	r2, [r3]
 186:Generated_Source\PSoC4/cyfitter_cfg.c **** 
 187:Generated_Source\PSoC4/cyfitter_cfg.c **** 	/* CYDEV_PERI_PCLK_CTL4 Starting address: CYDEV_PERI_PCLK_CTL4 */
 188:Generated_Source\PSoC4/cyfitter_cfg.c **** 	CY_SET_REG32((void *)(CYREG_PERI_PCLK_CTL4), 0x00000042u);
  72              		.loc 1 188 0
  73 003a 4223     		movs	r3, #66
  74 003c 0F4A     		ldr	r2, .L2+36
  75 003e 1360     		str	r3, [r2]
 189:Generated_Source\PSoC4/cyfitter_cfg.c **** 
 190:Generated_Source\PSoC4/cyfitter_cfg.c **** 	/* CYDEV_PERI_PCLK_CTL3 Starting address: CYDEV_PERI_PCLK_CTL3 */
 191:Generated_Source\PSoC4/cyfitter_cfg.c **** 	CY_SET_REG32((void *)(CYREG_PERI_PCLK_CTL3), 0x00000042u);
  76              		.loc 1 191 0
  77 0040 0F4A     		ldr	r2, .L2+40
  78 0042 1360     		str	r3, [r2]
 192:Generated_Source\PSoC4/cyfitter_cfg.c **** 
 193:Generated_Source\PSoC4/cyfitter_cfg.c **** 	/* CYDEV_PERI_PCLK_CTL2 Starting address: CYDEV_PERI_PCLK_CTL2 */
 194:Generated_Source\PSoC4/cyfitter_cfg.c **** 	CY_SET_REG32((void *)(CYREG_PERI_PCLK_CTL2), 0x00000040u);
  79              		.loc 1 194 0
  80 0044 4022     		movs	r2, #64
  81 0046 0F4B     		ldr	r3, .L2+44
  82 0048 1A60     		str	r2, [r3]
 195:Generated_Source\PSoC4/cyfitter_cfg.c **** 
 196:Generated_Source\PSoC4/cyfitter_cfg.c **** 	/* CYDEV_PERI_PCLK_CTL0 Starting address: CYDEV_PERI_PCLK_CTL0 */
 197:Generated_Source\PSoC4/cyfitter_cfg.c **** 	CY_SET_REG32((void *)(CYREG_PERI_PCLK_CTL0), 0x00000041u);
  83              		.loc 1 197 0
  84 004a 0132     		adds	r2, r2, #1
  85 004c 0E4B     		ldr	r3, .L2+48
  86 004e 1A60     		str	r2, [r3]
 198:Generated_Source\PSoC4/cyfitter_cfg.c **** 
 199:Generated_Source\PSoC4/cyfitter_cfg.c **** 	/* Set Flash Cycles based on newly configured 24.00MHz HFCLK. */
ARM GAS  C:\Users\MICHAE~1.MAC\AppData\Local\Temp\cc0S0LvO.s 			page 6


 200:Generated_Source\PSoC4/cyfitter_cfg.c **** 	CY_SET_REG32((void CYXDATA *)(CYREG_CPUSS_FLASH_CTL), (0x0011u));
  87              		.loc 1 200 0
  88 0050 1123     		movs	r3, #17
  89 0052 2360     		str	r3, [r4]
 201:Generated_Source\PSoC4/cyfitter_cfg.c **** }
  90              		.loc 1 201 0
  91              		@ sp needed
  92 0054 10BD     		pop	{r4, pc}
  93              	.L3:
  94 0056 C046     		.align	2
  95              	.L2:
  96 0058 30001040 		.word	1074790448
  97 005c 08030140 		.word	1073808136
  98 0060 00000140 		.word	1073807360
  99 0064 42FF0080 		.word	-2147418302
 100 0068 00030140 		.word	1073808128
 101 006c 40FF0080 		.word	-2147418304
 102 0070 04030140 		.word	1073808132
 103 0074 41FF0080 		.word	-2147418303
 104 0078 28000340 		.word	1073938472
 105 007c 10010140 		.word	1073807632
 106 0080 0C010140 		.word	1073807628
 107 0084 08010140 		.word	1073807624
 108 0088 00010140 		.word	1073807616
 109              		.cfi_endproc
 110              	.LFE4:
 111              		.size	ClockSetup, .-ClockSetup
 112              		.section	.text.SetAnalogRoutingPumps,"ax",%progbits
 113              		.align	2
 114              		.global	SetAnalogRoutingPumps
 115              		.code	16
 116              		.thumb_func
 117              		.type	SetAnalogRoutingPumps, %function
 118              	SetAnalogRoutingPumps:
 119              	.LFB6:
 202:Generated_Source\PSoC4/cyfitter_cfg.c **** 
 203:Generated_Source\PSoC4/cyfitter_cfg.c **** 
 204:Generated_Source\PSoC4/cyfitter_cfg.c **** /* Analog API Functions */
 205:Generated_Source\PSoC4/cyfitter_cfg.c **** 
 206:Generated_Source\PSoC4/cyfitter_cfg.c **** 
 207:Generated_Source\PSoC4/cyfitter_cfg.c **** /*******************************************************************************
 208:Generated_Source\PSoC4/cyfitter_cfg.c **** * Function Name: AnalogSetDefault
 209:Generated_Source\PSoC4/cyfitter_cfg.c **** ********************************************************************************
 210:Generated_Source\PSoC4/cyfitter_cfg.c **** *
 211:Generated_Source\PSoC4/cyfitter_cfg.c **** * Summary:
 212:Generated_Source\PSoC4/cyfitter_cfg.c **** *  Sets up the analog portions of the chip to default values based on chip
 213:Generated_Source\PSoC4/cyfitter_cfg.c **** *  configuration options from the project.
 214:Generated_Source\PSoC4/cyfitter_cfg.c **** *
 215:Generated_Source\PSoC4/cyfitter_cfg.c **** * Parameters:
 216:Generated_Source\PSoC4/cyfitter_cfg.c **** *  void
 217:Generated_Source\PSoC4/cyfitter_cfg.c **** *
 218:Generated_Source\PSoC4/cyfitter_cfg.c **** * Return:
 219:Generated_Source\PSoC4/cyfitter_cfg.c **** *  void
 220:Generated_Source\PSoC4/cyfitter_cfg.c **** *
 221:Generated_Source\PSoC4/cyfitter_cfg.c **** *******************************************************************************/
 222:Generated_Source\PSoC4/cyfitter_cfg.c **** static void AnalogSetDefault(void);
 223:Generated_Source\PSoC4/cyfitter_cfg.c **** static void AnalogSetDefault(void)
ARM GAS  C:\Users\MICHAE~1.MAC\AppData\Local\Temp\cc0S0LvO.s 			page 7


 224:Generated_Source\PSoC4/cyfitter_cfg.c **** {
 225:Generated_Source\PSoC4/cyfitter_cfg.c **** 	CY_SET_XTND_REG32((void CYFAR *)CYREG_CSD_SW_BYP_SEL, 0x00001000u);
 226:Generated_Source\PSoC4/cyfitter_cfg.c **** 	CY_SET_XTND_REG32((void CYFAR *)CYREG_CSD_SW_DSI_SEL, 0x00000011u);
 227:Generated_Source\PSoC4/cyfitter_cfg.c **** 	SetAnalogRoutingPumps(1);
 228:Generated_Source\PSoC4/cyfitter_cfg.c **** }
 229:Generated_Source\PSoC4/cyfitter_cfg.c **** 
 230:Generated_Source\PSoC4/cyfitter_cfg.c **** 
 231:Generated_Source\PSoC4/cyfitter_cfg.c **** /*******************************************************************************
 232:Generated_Source\PSoC4/cyfitter_cfg.c **** * Function Name: SetAnalogRoutingPumps
 233:Generated_Source\PSoC4/cyfitter_cfg.c **** ********************************************************************************
 234:Generated_Source\PSoC4/cyfitter_cfg.c **** *
 235:Generated_Source\PSoC4/cyfitter_cfg.c **** * Summary:
 236:Generated_Source\PSoC4/cyfitter_cfg.c **** * Enables or disables the analog pumps feeding analog routing switches.
 237:Generated_Source\PSoC4/cyfitter_cfg.c **** * Intended to be called at startup, based on the Vdda system configuration;
 238:Generated_Source\PSoC4/cyfitter_cfg.c **** * may be called during operation when the user informs us that the Vdda voltage crossed the pump th
 239:Generated_Source\PSoC4/cyfitter_cfg.c **** *
 240:Generated_Source\PSoC4/cyfitter_cfg.c **** * Parameters:
 241:Generated_Source\PSoC4/cyfitter_cfg.c **** *  enabled - 1 to enable the pumps, 0 to disable the pumps
 242:Generated_Source\PSoC4/cyfitter_cfg.c **** *
 243:Generated_Source\PSoC4/cyfitter_cfg.c **** * Return:
 244:Generated_Source\PSoC4/cyfitter_cfg.c **** *  void
 245:Generated_Source\PSoC4/cyfitter_cfg.c **** *
 246:Generated_Source\PSoC4/cyfitter_cfg.c **** *******************************************************************************/
 247:Generated_Source\PSoC4/cyfitter_cfg.c **** void SetAnalogRoutingPumps(uint8 enabled)
 248:Generated_Source\PSoC4/cyfitter_cfg.c **** {
 120              		.loc 1 248 0
 121              		.cfi_startproc
 122              		@ args = 0, pretend = 0, frame = 0
 123              		@ frame_needed = 0, uses_anonymous_args = 0
 124              		@ link register save eliminated.
 125              	.LVL1:
 249:Generated_Source\PSoC4/cyfitter_cfg.c **** 	uint32 regValue = CY_GET_XTND_REG32((void *)(CYREG_HSIOM_PUMP_CTL));
 126              		.loc 1 249 0
 127 0000 0B4B     		ldr	r3, .L9
 128 0002 1B68     		ldr	r3, [r3]
 129              	.LVL2:
 250:Generated_Source\PSoC4/cyfitter_cfg.c **** 	if (enabled != 0u)
 130              		.loc 1 250 0
 131 0004 0028     		cmp	r0, #0
 132 0006 03D0     		beq	.L5
 251:Generated_Source\PSoC4/cyfitter_cfg.c **** 	{
 252:Generated_Source\PSoC4/cyfitter_cfg.c **** 		regValue |= 0x80000000u;
 133              		.loc 1 252 0
 134 0008 8022     		movs	r2, #128
 135 000a 1206     		lsls	r2, r2, #24
 136 000c 1343     		orrs	r3, r2
 137              	.LVL3:
 138 000e 01E0     		b	.L6
 139              	.L5:
 253:Generated_Source\PSoC4/cyfitter_cfg.c **** 	}
 254:Generated_Source\PSoC4/cyfitter_cfg.c **** 	else
 255:Generated_Source\PSoC4/cyfitter_cfg.c **** 	{
 256:Generated_Source\PSoC4/cyfitter_cfg.c **** 		regValue &= ~0x80000000u;
 140              		.loc 1 256 0
 141 0010 5B00     		lsls	r3, r3, #1
 142              	.LVL4:
 143 0012 5B08     		lsrs	r3, r3, #1
ARM GAS  C:\Users\MICHAE~1.MAC\AppData\Local\Temp\cc0S0LvO.s 			page 8


 144              	.LVL5:
 145              	.L6:
 257:Generated_Source\PSoC4/cyfitter_cfg.c **** 	}
 258:Generated_Source\PSoC4/cyfitter_cfg.c **** 	CY_SET_XTND_REG32((void *)(CYREG_HSIOM_PUMP_CTL), regValue);
 146              		.loc 1 258 0
 147 0014 064A     		ldr	r2, .L9
 148 0016 1360     		str	r3, [r2]
 259:Generated_Source\PSoC4/cyfitter_cfg.c **** 	regValue = CY_GET_XTND_REG32((void *)(CYREG_CLK_SELECT));
 149              		.loc 1 259 0
 150 0018 064B     		ldr	r3, .L9+4
 151              	.LVL6:
 152 001a 1B68     		ldr	r3, [r3]
 153              	.LVL7:
 260:Generated_Source\PSoC4/cyfitter_cfg.c **** 	if (enabled != 0u)
 154              		.loc 1 260 0
 155 001c 0028     		cmp	r0, #0
 156 001e 02D0     		beq	.L7
 261:Generated_Source\PSoC4/cyfitter_cfg.c **** 	{
 262:Generated_Source\PSoC4/cyfitter_cfg.c **** 		regValue |= 0x00000020u;
 157              		.loc 1 262 0
 158 0020 2022     		movs	r2, #32
 159 0022 1343     		orrs	r3, r2
 160              	.LVL8:
 161 0024 01E0     		b	.L8
 162              	.L7:
 263:Generated_Source\PSoC4/cyfitter_cfg.c **** 	}
 264:Generated_Source\PSoC4/cyfitter_cfg.c **** 	else
 265:Generated_Source\PSoC4/cyfitter_cfg.c **** 	{
 266:Generated_Source\PSoC4/cyfitter_cfg.c **** 		regValue &= ~0x00000020u;
 163              		.loc 1 266 0
 164 0026 2022     		movs	r2, #32
 165 0028 9343     		bics	r3, r2
 166              	.LVL9:
 167              	.L8:
 267:Generated_Source\PSoC4/cyfitter_cfg.c **** 	}
 268:Generated_Source\PSoC4/cyfitter_cfg.c **** 	CY_SET_XTND_REG32((void *)(CYREG_CLK_SELECT), regValue);
 168              		.loc 1 268 0
 169 002a 024A     		ldr	r2, .L9+4
 170 002c 1360     		str	r3, [r2]
 269:Generated_Source\PSoC4/cyfitter_cfg.c **** }
 171              		.loc 1 269 0
 172              		@ sp needed
 173 002e 7047     		bx	lr
 174              	.L10:
 175              		.align	2
 176              	.L9:
 177 0030 00200240 		.word	1073881088
 178 0034 28000340 		.word	1073938472
 179              		.cfi_endproc
 180              	.LFE6:
 181              		.size	SetAnalogRoutingPumps, .-SetAnalogRoutingPumps
 182              		.section	.text.AnalogSetDefault,"ax",%progbits
 183              		.align	2
 184              		.code	16
 185              		.thumb_func
 186              		.type	AnalogSetDefault, %function
 187              	AnalogSetDefault:
ARM GAS  C:\Users\MICHAE~1.MAC\AppData\Local\Temp\cc0S0LvO.s 			page 9


 188              	.LFB5:
 224:Generated_Source\PSoC4/cyfitter_cfg.c **** 	CY_SET_XTND_REG32((void CYFAR *)CYREG_CSD_SW_BYP_SEL, 0x00001000u);
 189              		.loc 1 224 0
 190              		.cfi_startproc
 191              		@ args = 0, pretend = 0, frame = 0
 192              		@ frame_needed = 0, uses_anonymous_args = 0
 193 0000 10B5     		push	{r4, lr}
 194              		.cfi_def_cfa_offset 8
 195              		.cfi_offset 4, -8
 196              		.cfi_offset 14, -4
 225:Generated_Source\PSoC4/cyfitter_cfg.c **** 	CY_SET_XTND_REG32((void CYFAR *)CYREG_CSD_SW_DSI_SEL, 0x00000011u);
 197              		.loc 1 225 0
 198 0002 8022     		movs	r2, #128
 199 0004 5201     		lsls	r2, r2, #5
 200 0006 044B     		ldr	r3, .L12
 201 0008 1A60     		str	r2, [r3]
 226:Generated_Source\PSoC4/cyfitter_cfg.c **** 	SetAnalogRoutingPumps(1);
 202              		.loc 1 226 0
 203 000a 1122     		movs	r2, #17
 204 000c 034B     		ldr	r3, .L12+4
 205 000e 1A60     		str	r2, [r3]
 227:Generated_Source\PSoC4/cyfitter_cfg.c **** }
 206              		.loc 1 227 0
 207 0010 0120     		movs	r0, #1
 208 0012 FFF7FEFF 		bl	SetAnalogRoutingPumps
 209              	.LVL10:
 228:Generated_Source\PSoC4/cyfitter_cfg.c **** 
 210              		.loc 1 228 0
 211              		@ sp needed
 212 0016 10BD     		pop	{r4, pc}
 213              	.L13:
 214              		.align	2
 215              	.L12:
 216 0018 94020B40 		.word	1074463380
 217 001c C0020B40 		.word	1074463424
 218              		.cfi_endproc
 219              	.LFE5:
 220              		.size	AnalogSetDefault, .-AnalogSetDefault
 221              		.section	.psocinit
 222              		.align	2
 223              		.global	cyfitter_cfg
 224              		.code	16
 225              		.thumb_func
 226              		.type	cyfitter_cfg, %function
 227              	cyfitter_cfg:
 228              	.LFB7:
 270:Generated_Source\PSoC4/cyfitter_cfg.c **** 
 271:Generated_Source\PSoC4/cyfitter_cfg.c **** 
 272:Generated_Source\PSoC4/cyfitter_cfg.c **** 
 273:Generated_Source\PSoC4/cyfitter_cfg.c **** 
 274:Generated_Source\PSoC4/cyfitter_cfg.c **** /*******************************************************************************
 275:Generated_Source\PSoC4/cyfitter_cfg.c **** * Function Name: cyfitter_cfg
 276:Generated_Source\PSoC4/cyfitter_cfg.c **** ********************************************************************************
 277:Generated_Source\PSoC4/cyfitter_cfg.c **** * Summary:
 278:Generated_Source\PSoC4/cyfitter_cfg.c **** *  This function is called by the start-up code for the selected device. It
 279:Generated_Source\PSoC4/cyfitter_cfg.c **** *  performs all of the necessary device configuration based on the design
 280:Generated_Source\PSoC4/cyfitter_cfg.c **** *  settings.  This includes settings from the Design Wide Resources (DWR) such
ARM GAS  C:\Users\MICHAE~1.MAC\AppData\Local\Temp\cc0S0LvO.s 			page 10


 281:Generated_Source\PSoC4/cyfitter_cfg.c **** *  as Clocks and Pins as well as any component configuration that is necessary.
 282:Generated_Source\PSoC4/cyfitter_cfg.c **** *
 283:Generated_Source\PSoC4/cyfitter_cfg.c **** * Parameters:
 284:Generated_Source\PSoC4/cyfitter_cfg.c **** *   void
 285:Generated_Source\PSoC4/cyfitter_cfg.c **** *
 286:Generated_Source\PSoC4/cyfitter_cfg.c **** * Return:
 287:Generated_Source\PSoC4/cyfitter_cfg.c **** *   void
 288:Generated_Source\PSoC4/cyfitter_cfg.c **** *
 289:Generated_Source\PSoC4/cyfitter_cfg.c **** *******************************************************************************/
 290:Generated_Source\PSoC4/cyfitter_cfg.c **** CY_CFG_SECTION
 291:Generated_Source\PSoC4/cyfitter_cfg.c **** void cyfitter_cfg(void)
 292:Generated_Source\PSoC4/cyfitter_cfg.c **** {
 229              		.loc 1 292 0
 230              		.cfi_startproc
 231              		@ args = 0, pretend = 0, frame = 0
 232              		@ frame_needed = 0, uses_anonymous_args = 0
 233 008c 10B5     		push	{r4, lr}
 234              		.cfi_def_cfa_offset 8
 235              		.cfi_offset 4, -8
 236              		.cfi_offset 14, -4
 293:Generated_Source\PSoC4/cyfitter_cfg.c **** 	/* Disable interrupts by default. Let user enable if/when they want. */
 294:Generated_Source\PSoC4/cyfitter_cfg.c **** 	CyGlobalIntDisable;
 237              		.loc 1 294 0
 238              		.syntax divided
 239              	@ 294 "Generated_Source\PSoC4\cyfitter_cfg.c" 1
 240 008e 72B6     		CPSID   i
 241              	@ 0 "" 2
 295:Generated_Source\PSoC4/cyfitter_cfg.c **** 
 296:Generated_Source\PSoC4/cyfitter_cfg.c **** 	{
 297:Generated_Source\PSoC4/cyfitter_cfg.c **** 		/* HSIOM Starting address: CYDEV_HSIOM_BASE */
 298:Generated_Source\PSoC4/cyfitter_cfg.c **** 		CY_SET_REG32((void *)(CYDEV_HSIOM_BASE), 0x06006666u);
 242              		.loc 1 298 0
 243              		.thumb
 244              		.syntax unified
 245 0090 174A     		ldr	r2, .L15
 246 0092 184B     		ldr	r3, .L15+4
 247 0094 1A60     		str	r2, [r3]
 299:Generated_Source\PSoC4/cyfitter_cfg.c **** 		CY_SET_REG32((void *)(CYREG_HSIOM_PORT_SEL1), 0x066660EEu);
 248              		.loc 1 299 0
 249 0096 184A     		ldr	r2, .L15+8
 250 0098 184B     		ldr	r3, .L15+12
 251 009a 1A60     		str	r2, [r3]
 300:Generated_Source\PSoC4/cyfitter_cfg.c **** 		CY_SET_REG32((void *)(CYREG_HSIOM_PORT_SEL2), 0x80800000u);
 252              		.loc 1 300 0
 253 009c 184A     		ldr	r2, .L15+16
 254 009e 194B     		ldr	r3, .L15+20
 255 00a0 1A60     		str	r2, [r3]
 301:Generated_Source\PSoC4/cyfitter_cfg.c **** 		CY_SET_REG32((void *)(CYREG_HSIOM_PORT_SEL3), 0x0000EE00u);
 256              		.loc 1 301 0
 257 00a2 EE22     		movs	r2, #238
 258 00a4 1202     		lsls	r2, r2, #8
 259 00a6 184B     		ldr	r3, .L15+24
 260 00a8 1A60     		str	r2, [r3]
 302:Generated_Source\PSoC4/cyfitter_cfg.c **** 
 303:Generated_Source\PSoC4/cyfitter_cfg.c **** 	}
 304:Generated_Source\PSoC4/cyfitter_cfg.c **** 
 305:Generated_Source\PSoC4/cyfitter_cfg.c **** 	/* Perform second pass device configuration. These items must be configured in specific order afte
ARM GAS  C:\Users\MICHAE~1.MAC\AppData\Local\Temp\cc0S0LvO.s 			page 11


 306:Generated_Source\PSoC4/cyfitter_cfg.c **** 	/* IOPINS0_0 Starting address: CYDEV_GPIO_PRT0_BASE */
 307:Generated_Source\PSoC4/cyfitter_cfg.c **** 	CY_SET_REG32((void *)(CYDEV_GPIO_PRT0_BASE), 0x0000004Eu);
 261              		.loc 1 307 0
 262 00aa 4E22     		movs	r2, #78
 263 00ac 174B     		ldr	r3, .L15+28
 264 00ae 1A60     		str	r2, [r3]
 308:Generated_Source\PSoC4/cyfitter_cfg.c **** 	CY_SET_REG32((void *)(CYREG_GPIO_PRT0_PC2), 0x0000004Fu);
 265              		.loc 1 308 0
 266 00b0 0132     		adds	r2, r2, #1
 267 00b2 174B     		ldr	r3, .L15+32
 268 00b4 1A60     		str	r2, [r3]
 309:Generated_Source\PSoC4/cyfitter_cfg.c **** 
 310:Generated_Source\PSoC4/cyfitter_cfg.c **** 	/* IOPINS0_1 Starting address: CYDEV_GPIO_PRT1_BASE */
 311:Generated_Source\PSoC4/cyfitter_cfg.c **** 	CY_SET_REG32((void *)(CYDEV_GPIO_PRT1_BASE), 0x00000063u);
 269              		.loc 1 311 0
 270 00b6 1432     		adds	r2, r2, #20
 271 00b8 164B     		ldr	r3, .L15+36
 272 00ba 1A60     		str	r2, [r3]
 312:Generated_Source\PSoC4/cyfitter_cfg.c **** 	CY_SET_REG32((void *)(CYREG_GPIO_PRT1_PC), 0x00000024u);
 273              		.loc 1 312 0
 274 00bc 3F3A     		subs	r2, r2, #63
 275 00be 164B     		ldr	r3, .L15+40
 276 00c0 1A60     		str	r2, [r3]
 313:Generated_Source\PSoC4/cyfitter_cfg.c **** 	CY_SET_REG32((void *)(CYREG_GPIO_PRT1_PC2), 0x00000078u);
 277              		.loc 1 313 0
 278 00c2 5432     		adds	r2, r2, #84
 279 00c4 154B     		ldr	r3, .L15+44
 280 00c6 1A60     		str	r2, [r3]
 314:Generated_Source\PSoC4/cyfitter_cfg.c **** 
 315:Generated_Source\PSoC4/cyfitter_cfg.c **** 	/* IOPINS0_2 Starting address: CYDEV_GPIO_PRT2_BASE */
 316:Generated_Source\PSoC4/cyfitter_cfg.c **** 	CY_SET_REG32((void *)(CYDEV_GPIO_PRT2_BASE), 0x000000BFu);
 281              		.loc 1 316 0
 282 00c8 4732     		adds	r2, r2, #71
 283 00ca 154B     		ldr	r3, .L15+48
 284 00cc 1A60     		str	r2, [r3]
 317:Generated_Source\PSoC4/cyfitter_cfg.c **** 	CY_SET_REG32((void *)(CYREG_GPIO_PRT2_PC), 0x00036DB6u);
 285              		.loc 1 317 0
 286 00ce 154A     		ldr	r2, .L15+52
 287 00d0 154B     		ldr	r3, .L15+56
 288 00d2 1A60     		str	r2, [r3]
 318:Generated_Source\PSoC4/cyfitter_cfg.c **** 
 319:Generated_Source\PSoC4/cyfitter_cfg.c **** 	/* IOPINS0_3 Starting address: CYDEV_GPIO_PRT3_BASE */
 320:Generated_Source\PSoC4/cyfitter_cfg.c **** 	CY_SET_REG32((void *)(CYDEV_GPIO_PRT3_BASE), 0x00000070u);
 289              		.loc 1 320 0
 290 00d4 7022     		movs	r2, #112
 291 00d6 154B     		ldr	r3, .L15+60
 292 00d8 1A60     		str	r2, [r3]
 321:Generated_Source\PSoC4/cyfitter_cfg.c **** 	CY_SET_REG32((void *)(CYREG_GPIO_PRT3_PC), 0x001B6D80u);
 293              		.loc 1 321 0
 294 00da 154A     		ldr	r2, .L15+64
 295 00dc 154B     		ldr	r3, .L15+68
 296 00de 1A60     		str	r2, [r3]
 322:Generated_Source\PSoC4/cyfitter_cfg.c **** 
 323:Generated_Source\PSoC4/cyfitter_cfg.c **** 	/* IOPINS0_4 Starting address: CYDEV_GPIO_PRT4_BASE */
 324:Generated_Source\PSoC4/cyfitter_cfg.c **** 	CY_SET_REG32((void *)(CYREG_GPIO_PRT4_PC2), 0x0000000Eu);
 297              		.loc 1 324 0
 298 00e0 0E22     		movs	r2, #14
ARM GAS  C:\Users\MICHAE~1.MAC\AppData\Local\Temp\cc0S0LvO.s 			page 12


 299 00e2 154B     		ldr	r3, .L15+72
 300 00e4 1A60     		str	r2, [r3]
 325:Generated_Source\PSoC4/cyfitter_cfg.c **** 
 326:Generated_Source\PSoC4/cyfitter_cfg.c **** 
 327:Generated_Source\PSoC4/cyfitter_cfg.c **** 	/* Setup clocks based on selections from Clock DWR */
 328:Generated_Source\PSoC4/cyfitter_cfg.c **** 	ClockSetup();
 301              		.loc 1 328 0
 302 00e6 FFF78BFF 		bl	ClockSetup
 303              	.LVL11:
 329:Generated_Source\PSoC4/cyfitter_cfg.c **** 
 330:Generated_Source\PSoC4/cyfitter_cfg.c **** 	/* Perform basic analog initialization to defaults */
 331:Generated_Source\PSoC4/cyfitter_cfg.c **** 	AnalogSetDefault();
 304              		.loc 1 331 0
 305 00ea FFF7FEFF 		bl	AnalogSetDefault
 306              	.LVL12:
 332:Generated_Source\PSoC4/cyfitter_cfg.c **** 
 333:Generated_Source\PSoC4/cyfitter_cfg.c **** }
 307              		.loc 1 333 0
 308              		@ sp needed
 309 00ee 10BD     		pop	{r4, pc}
 310              	.L16:
 311              		.align	2
 312              	.L15:
 313 00f0 66660006 		.word	100689510
 314 00f4 00000240 		.word	1073872896
 315 00f8 EE606606 		.word	107372782
 316 00fc 00010240 		.word	1073873152
 317 0100 00008080 		.word	-2139095040
 318 0104 00020240 		.word	1073873408
 319 0108 00030240 		.word	1073873664
 320 010c 00000440 		.word	1074003968
 321 0110 18000440 		.word	1074003992
 322 0114 00010440 		.word	1074004224
 323 0118 08010440 		.word	1074004232
 324 011c 18010440 		.word	1074004248
 325 0120 00020440 		.word	1074004480
 326 0124 B66D0300 		.word	224694
 327 0128 08020440 		.word	1074004488
 328 012c 00030440 		.word	1074004736
 329 0130 806D1B00 		.word	1797504
 330 0134 08030440 		.word	1074004744
 331 0138 18040440 		.word	1074005016
 332              		.cfi_endproc
 333              	.LFE7:
 334              		.size	cyfitter_cfg, .-cyfitter_cfg
 335              		.text
 336              	.Letext0:
 337              		.file 2 "Generated_Source\\PSoC4\\cytypes.h"
 338              		.file 3 "Generated_Source\\PSoC4\\CyLib.h"
 339              		.section	.debug_info,"",%progbits
 340              	.Ldebug_info0:
 341 0000 64010000 		.4byte	0x164
 342 0004 0400     		.2byte	0x4
 343 0006 00000000 		.4byte	.Ldebug_abbrev0
 344 000a 04       		.byte	0x4
 345 000b 01       		.uleb128 0x1
 346 000c 40010000 		.4byte	.LASF21
ARM GAS  C:\Users\MICHAE~1.MAC\AppData\Local\Temp\cc0S0LvO.s 			page 13


 347 0010 0C       		.byte	0xc
 348 0011 15000000 		.4byte	.LASF22
 349 0015 D2010000 		.4byte	.LASF23
 350 0019 00000000 		.4byte	.Ldebug_ranges0+0
 351 001d 00000000 		.4byte	0
 352 0021 00000000 		.4byte	.Ldebug_line0
 353 0025 02       		.uleb128 0x2
 354 0026 04       		.byte	0x4
 355 0027 05       		.byte	0x5
 356 0028 696E7400 		.ascii	"int\000"
 357 002c 03       		.uleb128 0x3
 358 002d 04       		.byte	0x4
 359 002e 07       		.byte	0x7
 360 002f 3B000000 		.4byte	.LASF0
 361 0033 03       		.uleb128 0x3
 362 0034 08       		.byte	0x8
 363 0035 05       		.byte	0x5
 364 0036 00000000 		.4byte	.LASF1
 365 003a 03       		.uleb128 0x3
 366 003b 08       		.byte	0x8
 367 003c 04       		.byte	0x4
 368 003d 19010000 		.4byte	.LASF2
 369 0041 03       		.uleb128 0x3
 370 0042 01       		.byte	0x1
 371 0043 06       		.byte	0x6
 372 0044 0D010000 		.4byte	.LASF3
 373 0048 03       		.uleb128 0x3
 374 0049 01       		.byte	0x1
 375 004a 08       		.byte	0x8
 376 004b B5000000 		.4byte	.LASF4
 377 004f 03       		.uleb128 0x3
 378 0050 02       		.byte	0x2
 379 0051 05       		.byte	0x5
 380 0052 36010000 		.4byte	.LASF5
 381 0056 03       		.uleb128 0x3
 382 0057 02       		.byte	0x2
 383 0058 07       		.byte	0x7
 384 0059 FA000000 		.4byte	.LASF6
 385 005d 03       		.uleb128 0x3
 386 005e 04       		.byte	0x4
 387 005f 05       		.byte	0x5
 388 0060 C8000000 		.4byte	.LASF7
 389 0064 03       		.uleb128 0x3
 390 0065 04       		.byte	0x4
 391 0066 07       		.byte	0x7
 392 0067 4E000000 		.4byte	.LASF8
 393 006b 03       		.uleb128 0x3
 394 006c 08       		.byte	0x8
 395 006d 07       		.byte	0x7
 396 006e 6D000000 		.4byte	.LASF9
 397 0072 03       		.uleb128 0x3
 398 0073 04       		.byte	0x4
 399 0074 07       		.byte	0x7
 400 0075 6A020000 		.4byte	.LASF10
 401 0079 03       		.uleb128 0x3
 402 007a 01       		.byte	0x1
 403 007b 08       		.byte	0x8
ARM GAS  C:\Users\MICHAE~1.MAC\AppData\Local\Temp\cc0S0LvO.s 			page 14


 404 007c C3000000 		.4byte	.LASF11
 405 0080 04       		.uleb128 0x4
 406 0081 48000000 		.4byte	.LASF12
 407 0085 02       		.byte	0x2
 408 0086 E401     		.2byte	0x1e4
 409 0088 48000000 		.4byte	0x48
 410 008c 04       		.uleb128 0x4
 411 008d 0E000000 		.4byte	.LASF13
 412 0091 02       		.byte	0x2
 413 0092 E601     		.2byte	0x1e6
 414 0094 64000000 		.4byte	0x64
 415 0098 03       		.uleb128 0x3
 416 0099 04       		.byte	0x4
 417 009a 04       		.byte	0x4
 418 009b 84000000 		.4byte	.LASF14
 419 009f 03       		.uleb128 0x3
 420 00a0 08       		.byte	0x8
 421 00a1 04       		.byte	0x4
 422 00a2 ED000000 		.4byte	.LASF15
 423 00a6 04       		.uleb128 0x4
 424 00a7 F4000000 		.4byte	.LASF16
 425 00ab 02       		.byte	0x2
 426 00ac 9002     		.2byte	0x290
 427 00ae B2000000 		.4byte	0xb2
 428 00b2 05       		.uleb128 0x5
 429 00b3 8C000000 		.4byte	0x8c
 430 00b7 06       		.uleb128 0x6
 431 00b8 E2000000 		.4byte	.LASF17
 432 00bc 01       		.byte	0x1
 433 00bd A8       		.byte	0xa8
 434 00be 00000000 		.4byte	.LFB4
 435 00c2 8C000000 		.4byte	.LFE4-.LFB4
 436 00c6 01       		.uleb128 0x1
 437 00c7 9C       		.byte	0x9c
 438 00c8 DC000000 		.4byte	0xdc
 439 00cc 07       		.uleb128 0x7
 440 00cd 0E000000 		.4byte	.LVL0
 441 00d1 5C010000 		.4byte	0x15c
 442 00d5 08       		.uleb128 0x8
 443 00d6 01       		.uleb128 0x1
 444 00d7 50       		.byte	0x50
 445 00d8 01       		.uleb128 0x1
 446 00d9 48       		.byte	0x48
 447 00da 00       		.byte	0
 448 00db 00       		.byte	0
 449 00dc 09       		.uleb128 0x9
 450 00dd 8A000000 		.4byte	.LASF19
 451 00e1 01       		.byte	0x1
 452 00e2 F7       		.byte	0xf7
 453 00e3 00000000 		.4byte	.LFB6
 454 00e7 38000000 		.4byte	.LFE6-.LFB6
 455 00eb 01       		.uleb128 0x1
 456 00ec 9C       		.byte	0x9c
 457 00ed 0E010000 		.4byte	0x10e
 458 00f1 0A       		.uleb128 0xa
 459 00f2 25010000 		.4byte	.LASF24
 460 00f6 01       		.byte	0x1
ARM GAS  C:\Users\MICHAE~1.MAC\AppData\Local\Temp\cc0S0LvO.s 			page 15


 461 00f7 F7       		.byte	0xf7
 462 00f8 80000000 		.4byte	0x80
 463 00fc 01       		.uleb128 0x1
 464 00fd 50       		.byte	0x50
 465 00fe 0B       		.uleb128 0xb
 466 00ff 2D010000 		.4byte	.LASF25
 467 0103 01       		.byte	0x1
 468 0104 F9       		.byte	0xf9
 469 0105 8C000000 		.4byte	0x8c
 470 0109 00000000 		.4byte	.LLST0
 471 010d 00       		.byte	0
 472 010e 06       		.uleb128 0x6
 473 010f D1000000 		.4byte	.LASF18
 474 0113 01       		.byte	0x1
 475 0114 DF       		.byte	0xdf
 476 0115 00000000 		.4byte	.LFB5
 477 0119 20000000 		.4byte	.LFE5-.LFB5
 478 011d 01       		.uleb128 0x1
 479 011e 9C       		.byte	0x9c
 480 011f 33010000 		.4byte	0x133
 481 0123 07       		.uleb128 0x7
 482 0124 16000000 		.4byte	.LVL10
 483 0128 DC000000 		.4byte	0xdc
 484 012c 08       		.uleb128 0x8
 485 012d 01       		.uleb128 0x1
 486 012e 50       		.byte	0x50
 487 012f 01       		.uleb128 0x1
 488 0130 31       		.byte	0x31
 489 0131 00       		.byte	0
 490 0132 00       		.byte	0
 491 0133 0C       		.uleb128 0xc
 492 0134 60000000 		.4byte	.LASF20
 493 0138 01       		.byte	0x1
 494 0139 2301     		.2byte	0x123
 495 013b 8C000000 		.4byte	.LFB7
 496 013f B0000000 		.4byte	.LFE7-.LFB7
 497 0143 01       		.uleb128 0x1
 498 0144 9C       		.byte	0x9c
 499 0145 5C010000 		.4byte	0x15c
 500 0149 0D       		.uleb128 0xd
 501 014a EA000000 		.4byte	.LVL11
 502 014e B7000000 		.4byte	0xb7
 503 0152 0D       		.uleb128 0xd
 504 0153 EE000000 		.4byte	.LVL12
 505 0157 0E010000 		.4byte	0x10e
 506 015b 00       		.byte	0
 507 015c 0E       		.uleb128 0xe
 508 015d A0000000 		.4byte	.LASF26
 509 0161 A0000000 		.4byte	.LASF26
 510 0165 03       		.byte	0x3
 511 0166 6C       		.byte	0x6c
 512 0167 00       		.byte	0
 513              		.section	.debug_abbrev,"",%progbits
 514              	.Ldebug_abbrev0:
 515 0000 01       		.uleb128 0x1
 516 0001 11       		.uleb128 0x11
 517 0002 01       		.byte	0x1
ARM GAS  C:\Users\MICHAE~1.MAC\AppData\Local\Temp\cc0S0LvO.s 			page 16


 518 0003 25       		.uleb128 0x25
 519 0004 0E       		.uleb128 0xe
 520 0005 13       		.uleb128 0x13
 521 0006 0B       		.uleb128 0xb
 522 0007 03       		.uleb128 0x3
 523 0008 0E       		.uleb128 0xe
 524 0009 1B       		.uleb128 0x1b
 525 000a 0E       		.uleb128 0xe
 526 000b 55       		.uleb128 0x55
 527 000c 17       		.uleb128 0x17
 528 000d 11       		.uleb128 0x11
 529 000e 01       		.uleb128 0x1
 530 000f 10       		.uleb128 0x10
 531 0010 17       		.uleb128 0x17
 532 0011 00       		.byte	0
 533 0012 00       		.byte	0
 534 0013 02       		.uleb128 0x2
 535 0014 24       		.uleb128 0x24
 536 0015 00       		.byte	0
 537 0016 0B       		.uleb128 0xb
 538 0017 0B       		.uleb128 0xb
 539 0018 3E       		.uleb128 0x3e
 540 0019 0B       		.uleb128 0xb
 541 001a 03       		.uleb128 0x3
 542 001b 08       		.uleb128 0x8
 543 001c 00       		.byte	0
 544 001d 00       		.byte	0
 545 001e 03       		.uleb128 0x3
 546 001f 24       		.uleb128 0x24
 547 0020 00       		.byte	0
 548 0021 0B       		.uleb128 0xb
 549 0022 0B       		.uleb128 0xb
 550 0023 3E       		.uleb128 0x3e
 551 0024 0B       		.uleb128 0xb
 552 0025 03       		.uleb128 0x3
 553 0026 0E       		.uleb128 0xe
 554 0027 00       		.byte	0
 555 0028 00       		.byte	0
 556 0029 04       		.uleb128 0x4
 557 002a 16       		.uleb128 0x16
 558 002b 00       		.byte	0
 559 002c 03       		.uleb128 0x3
 560 002d 0E       		.uleb128 0xe
 561 002e 3A       		.uleb128 0x3a
 562 002f 0B       		.uleb128 0xb
 563 0030 3B       		.uleb128 0x3b
 564 0031 05       		.uleb128 0x5
 565 0032 49       		.uleb128 0x49
 566 0033 13       		.uleb128 0x13
 567 0034 00       		.byte	0
 568 0035 00       		.byte	0
 569 0036 05       		.uleb128 0x5
 570 0037 35       		.uleb128 0x35
 571 0038 00       		.byte	0
 572 0039 49       		.uleb128 0x49
 573 003a 13       		.uleb128 0x13
 574 003b 00       		.byte	0
ARM GAS  C:\Users\MICHAE~1.MAC\AppData\Local\Temp\cc0S0LvO.s 			page 17


 575 003c 00       		.byte	0
 576 003d 06       		.uleb128 0x6
 577 003e 2E       		.uleb128 0x2e
 578 003f 01       		.byte	0x1
 579 0040 03       		.uleb128 0x3
 580 0041 0E       		.uleb128 0xe
 581 0042 3A       		.uleb128 0x3a
 582 0043 0B       		.uleb128 0xb
 583 0044 3B       		.uleb128 0x3b
 584 0045 0B       		.uleb128 0xb
 585 0046 27       		.uleb128 0x27
 586 0047 19       		.uleb128 0x19
 587 0048 11       		.uleb128 0x11
 588 0049 01       		.uleb128 0x1
 589 004a 12       		.uleb128 0x12
 590 004b 06       		.uleb128 0x6
 591 004c 40       		.uleb128 0x40
 592 004d 18       		.uleb128 0x18
 593 004e 9742     		.uleb128 0x2117
 594 0050 19       		.uleb128 0x19
 595 0051 01       		.uleb128 0x1
 596 0052 13       		.uleb128 0x13
 597 0053 00       		.byte	0
 598 0054 00       		.byte	0
 599 0055 07       		.uleb128 0x7
 600 0056 898201   		.uleb128 0x4109
 601 0059 01       		.byte	0x1
 602 005a 11       		.uleb128 0x11
 603 005b 01       		.uleb128 0x1
 604 005c 31       		.uleb128 0x31
 605 005d 13       		.uleb128 0x13
 606 005e 00       		.byte	0
 607 005f 00       		.byte	0
 608 0060 08       		.uleb128 0x8
 609 0061 8A8201   		.uleb128 0x410a
 610 0064 00       		.byte	0
 611 0065 02       		.uleb128 0x2
 612 0066 18       		.uleb128 0x18
 613 0067 9142     		.uleb128 0x2111
 614 0069 18       		.uleb128 0x18
 615 006a 00       		.byte	0
 616 006b 00       		.byte	0
 617 006c 09       		.uleb128 0x9
 618 006d 2E       		.uleb128 0x2e
 619 006e 01       		.byte	0x1
 620 006f 3F       		.uleb128 0x3f
 621 0070 19       		.uleb128 0x19
 622 0071 03       		.uleb128 0x3
 623 0072 0E       		.uleb128 0xe
 624 0073 3A       		.uleb128 0x3a
 625 0074 0B       		.uleb128 0xb
 626 0075 3B       		.uleb128 0x3b
 627 0076 0B       		.uleb128 0xb
 628 0077 27       		.uleb128 0x27
 629 0078 19       		.uleb128 0x19
 630 0079 11       		.uleb128 0x11
 631 007a 01       		.uleb128 0x1
ARM GAS  C:\Users\MICHAE~1.MAC\AppData\Local\Temp\cc0S0LvO.s 			page 18


 632 007b 12       		.uleb128 0x12
 633 007c 06       		.uleb128 0x6
 634 007d 40       		.uleb128 0x40
 635 007e 18       		.uleb128 0x18
 636 007f 9742     		.uleb128 0x2117
 637 0081 19       		.uleb128 0x19
 638 0082 01       		.uleb128 0x1
 639 0083 13       		.uleb128 0x13
 640 0084 00       		.byte	0
 641 0085 00       		.byte	0
 642 0086 0A       		.uleb128 0xa
 643 0087 05       		.uleb128 0x5
 644 0088 00       		.byte	0
 645 0089 03       		.uleb128 0x3
 646 008a 0E       		.uleb128 0xe
 647 008b 3A       		.uleb128 0x3a
 648 008c 0B       		.uleb128 0xb
 649 008d 3B       		.uleb128 0x3b
 650 008e 0B       		.uleb128 0xb
 651 008f 49       		.uleb128 0x49
 652 0090 13       		.uleb128 0x13
 653 0091 02       		.uleb128 0x2
 654 0092 18       		.uleb128 0x18
 655 0093 00       		.byte	0
 656 0094 00       		.byte	0
 657 0095 0B       		.uleb128 0xb
 658 0096 34       		.uleb128 0x34
 659 0097 00       		.byte	0
 660 0098 03       		.uleb128 0x3
 661 0099 0E       		.uleb128 0xe
 662 009a 3A       		.uleb128 0x3a
 663 009b 0B       		.uleb128 0xb
 664 009c 3B       		.uleb128 0x3b
 665 009d 0B       		.uleb128 0xb
 666 009e 49       		.uleb128 0x49
 667 009f 13       		.uleb128 0x13
 668 00a0 02       		.uleb128 0x2
 669 00a1 17       		.uleb128 0x17
 670 00a2 00       		.byte	0
 671 00a3 00       		.byte	0
 672 00a4 0C       		.uleb128 0xc
 673 00a5 2E       		.uleb128 0x2e
 674 00a6 01       		.byte	0x1
 675 00a7 3F       		.uleb128 0x3f
 676 00a8 19       		.uleb128 0x19
 677 00a9 03       		.uleb128 0x3
 678 00aa 0E       		.uleb128 0xe
 679 00ab 3A       		.uleb128 0x3a
 680 00ac 0B       		.uleb128 0xb
 681 00ad 3B       		.uleb128 0x3b
 682 00ae 05       		.uleb128 0x5
 683 00af 27       		.uleb128 0x27
 684 00b0 19       		.uleb128 0x19
 685 00b1 11       		.uleb128 0x11
 686 00b2 01       		.uleb128 0x1
 687 00b3 12       		.uleb128 0x12
 688 00b4 06       		.uleb128 0x6
ARM GAS  C:\Users\MICHAE~1.MAC\AppData\Local\Temp\cc0S0LvO.s 			page 19


 689 00b5 40       		.uleb128 0x40
 690 00b6 18       		.uleb128 0x18
 691 00b7 9742     		.uleb128 0x2117
 692 00b9 19       		.uleb128 0x19
 693 00ba 01       		.uleb128 0x1
 694 00bb 13       		.uleb128 0x13
 695 00bc 00       		.byte	0
 696 00bd 00       		.byte	0
 697 00be 0D       		.uleb128 0xd
 698 00bf 898201   		.uleb128 0x4109
 699 00c2 00       		.byte	0
 700 00c3 11       		.uleb128 0x11
 701 00c4 01       		.uleb128 0x1
 702 00c5 31       		.uleb128 0x31
 703 00c6 13       		.uleb128 0x13
 704 00c7 00       		.byte	0
 705 00c8 00       		.byte	0
 706 00c9 0E       		.uleb128 0xe
 707 00ca 2E       		.uleb128 0x2e
 708 00cb 00       		.byte	0
 709 00cc 3F       		.uleb128 0x3f
 710 00cd 19       		.uleb128 0x19
 711 00ce 3C       		.uleb128 0x3c
 712 00cf 19       		.uleb128 0x19
 713 00d0 6E       		.uleb128 0x6e
 714 00d1 0E       		.uleb128 0xe
 715 00d2 03       		.uleb128 0x3
 716 00d3 0E       		.uleb128 0xe
 717 00d4 3A       		.uleb128 0x3a
 718 00d5 0B       		.uleb128 0xb
 719 00d6 3B       		.uleb128 0x3b
 720 00d7 0B       		.uleb128 0xb
 721 00d8 00       		.byte	0
 722 00d9 00       		.byte	0
 723 00da 00       		.byte	0
 724              		.section	.debug_loc,"",%progbits
 725              	.Ldebug_loc0:
 726              	.LLST0:
 727 0000 04000000 		.4byte	.LVL2
 728 0004 12000000 		.4byte	.LVL4
 729 0008 0100     		.2byte	0x1
 730 000a 53       		.byte	0x53
 731 000b 14000000 		.4byte	.LVL5
 732 000f 1A000000 		.4byte	.LVL6
 733 0013 0100     		.2byte	0x1
 734 0015 53       		.byte	0x53
 735 0016 1A000000 		.4byte	.LVL6
 736 001a 1C000000 		.4byte	.LVL7
 737 001e 0200     		.2byte	0x2
 738 0020 72       		.byte	0x72
 739 0021 00       		.sleb128 0
 740 0022 1C000000 		.4byte	.LVL7
 741 0026 38000000 		.4byte	.LFE6
 742 002a 0100     		.2byte	0x1
 743 002c 53       		.byte	0x53
 744 002d 00000000 		.4byte	0
 745 0031 00000000 		.4byte	0
ARM GAS  C:\Users\MICHAE~1.MAC\AppData\Local\Temp\cc0S0LvO.s 			page 20


 746              		.section	.debug_aranges,"",%progbits
 747 0000 34000000 		.4byte	0x34
 748 0004 0200     		.2byte	0x2
 749 0006 00000000 		.4byte	.Ldebug_info0
 750 000a 04       		.byte	0x4
 751 000b 00       		.byte	0
 752 000c 0000     		.2byte	0
 753 000e 0000     		.2byte	0
 754 0010 00000000 		.4byte	.LFB4
 755 0014 8C000000 		.4byte	.LFE4-.LFB4
 756 0018 00000000 		.4byte	.LFB6
 757 001c 38000000 		.4byte	.LFE6-.LFB6
 758 0020 00000000 		.4byte	.LFB5
 759 0024 20000000 		.4byte	.LFE5-.LFB5
 760 0028 8C000000 		.4byte	.LFB7
 761 002c B0000000 		.4byte	.LFE7-.LFB7
 762 0030 00000000 		.4byte	0
 763 0034 00000000 		.4byte	0
 764              		.section	.debug_ranges,"",%progbits
 765              	.Ldebug_ranges0:
 766 0000 00000000 		.4byte	.LFB4
 767 0004 8C000000 		.4byte	.LFE4
 768 0008 00000000 		.4byte	.LFB6
 769 000c 38000000 		.4byte	.LFE6
 770 0010 00000000 		.4byte	.LFB5
 771 0014 20000000 		.4byte	.LFE5
 772 0018 8C000000 		.4byte	.LFB7
 773 001c 3C010000 		.4byte	.LFE7
 774 0020 00000000 		.4byte	0
 775 0024 00000000 		.4byte	0
 776              		.section	.debug_line,"",%progbits
 777              	.Ldebug_line0:
 778 0000 BF000000 		.section	.debug_str,"MS",%progbits,1
 778      02005400 
 778      00000201 
 778      FB0E0D00 
 778      01010101 
 779              	.LASF1:
 780 0000 6C6F6E67 		.ascii	"long long int\000"
 780      206C6F6E 
 780      6720696E 
 780      7400
 781              	.LASF13:
 782 000e 75696E74 		.ascii	"uint32\000"
 782      333200
 783              	.LASF22:
 784 0015 47656E65 		.ascii	"Generated_Source\\PSoC4\\cyfitter_cfg.c\000"
 784      72617465 
 784      645F536F 
 784      75726365 
 784      5C50536F 
 785              	.LASF0:
 786 003b 756E7369 		.ascii	"unsigned int\000"
 786      676E6564 
 786      20696E74 
 786      00
 787              	.LASF12:
ARM GAS  C:\Users\MICHAE~1.MAC\AppData\Local\Temp\cc0S0LvO.s 			page 21


 788 0048 75696E74 		.ascii	"uint8\000"
 788      3800
 789              	.LASF8:
 790 004e 6C6F6E67 		.ascii	"long unsigned int\000"
 790      20756E73 
 790      69676E65 
 790      6420696E 
 790      7400
 791              	.LASF20:
 792 0060 63796669 		.ascii	"cyfitter_cfg\000"
 792      74746572 
 792      5F636667 
 792      00
 793              	.LASF9:
 794 006d 6C6F6E67 		.ascii	"long long unsigned int\000"
 794      206C6F6E 
 794      6720756E 
 794      7369676E 
 794      65642069 
 795              	.LASF14:
 796 0084 666C6F61 		.ascii	"float\000"
 796      7400
 797              	.LASF19:
 798 008a 53657441 		.ascii	"SetAnalogRoutingPumps\000"
 798      6E616C6F 
 798      67526F75 
 798      74696E67 
 798      50756D70 
 799              	.LASF26:
 800 00a0 43795379 		.ascii	"CySysClkWriteImoFreq\000"
 800      73436C6B 
 800      57726974 
 800      65496D6F 
 800      46726571 
 801              	.LASF4:
 802 00b5 756E7369 		.ascii	"unsigned char\000"
 802      676E6564 
 802      20636861 
 802      7200
 803              	.LASF11:
 804 00c3 63686172 		.ascii	"char\000"
 804      00
 805              	.LASF7:
 806 00c8 6C6F6E67 		.ascii	"long int\000"
 806      20696E74 
 806      00
 807              	.LASF18:
 808 00d1 416E616C 		.ascii	"AnalogSetDefault\000"
 808      6F675365 
 808      74446566 
 808      61756C74 
 808      00
 809              	.LASF17:
 810 00e2 436C6F63 		.ascii	"ClockSetup\000"
 810      6B536574 
 810      757000
 811              	.LASF15:
ARM GAS  C:\Users\MICHAE~1.MAC\AppData\Local\Temp\cc0S0LvO.s 			page 22


 812 00ed 646F7562 		.ascii	"double\000"
 812      6C6500
 813              	.LASF16:
 814 00f4 72656733 		.ascii	"reg32\000"
 814      3200
 815              	.LASF6:
 816 00fa 73686F72 		.ascii	"short unsigned int\000"
 816      7420756E 
 816      7369676E 
 816      65642069 
 816      6E7400
 817              	.LASF3:
 818 010d 7369676E 		.ascii	"signed char\000"
 818      65642063 
 818      68617200 
 819              	.LASF2:
 820 0119 6C6F6E67 		.ascii	"long double\000"
 820      20646F75 
 820      626C6500 
 821              	.LASF24:
 822 0125 656E6162 		.ascii	"enabled\000"
 822      6C656400 
 823              	.LASF25:
 824 012d 72656756 		.ascii	"regValue\000"
 824      616C7565 
 824      00
 825              	.LASF5:
 826 0136 73686F72 		.ascii	"short int\000"
 826      7420696E 
 826      7400
 827              	.LASF21:
 828 0140 474E5520 		.ascii	"GNU C11 5.4.1 20160609 (release) [ARM/embedded-5-br"
 828      43313120 
 828      352E342E 
 828      31203230 
 828      31363036 
 829 0173 616E6368 		.ascii	"anch revision 237715] -mcpu=cortex-m0plus -mthumb -"
 829      20726576 
 829      6973696F 
 829      6E203233 
 829      37373135 
 830 01a6 67202D4F 		.ascii	"g -Og -ffunction-sections -ffat-lto-objects\000"
 830      67202D66 
 830      66756E63 
 830      74696F6E 
 830      2D736563 
 831              	.LASF23:
 832 01d2 433A5C55 		.ascii	"C:\\Users\\michael.machate\\Desktop\\CY8CKIT-145 Co"
 832      73657273 
 832      5C6D6963 
 832      6861656C 
 832      2E6D6163 
 833 0201 64652045 		.ascii	"de Example\\CE210709_CapSense_Linear_Slider_and_But"
 833      78616D70 
 833      6C655C43 
 833      45323130 
 833      3730395F 
ARM GAS  C:\Users\MICHAE~1.MAC\AppData\Local\Temp\cc0S0LvO.s 			page 23


 834 0233 746F6E73 		.ascii	"tons\\CE210709_CapSense_Linear_Slider_and_Buttons.c"
 834      5C434532 
 834      31303730 
 834      395F4361 
 834      7053656E 
 835 0265 7964736E 		.ascii	"ydsn\000"
 835      00
 836              	.LASF10:
 837 026a 73697A65 		.ascii	"sizetype\000"
 837      74797065 
 837      00
 838              		.ident	"GCC: (GNU Tools for ARM Embedded Processors) 5.4.1 20160609 (release) [ARM/embedded-5-bran
