ARM GAS  C:\Users\MICHAE~1.MAC\AppData\Local\Temp\ccdYMnG1.s 			page 1


   1              		.syntax unified
   2              		.cpu cortex-m0plus
   3              		.fpu softvfp
   4              		.eabi_attribute 20, 1
   5              		.eabi_attribute 21, 1
   6              		.eabi_attribute 23, 3
   7              		.eabi_attribute 24, 1
   8              		.eabi_attribute 25, 1
   9              		.eabi_attribute 26, 1
  10              		.eabi_attribute 30, 1
  11              		.eabi_attribute 34, 0
  12              		.eabi_attribute 18, 4
  13              		.thumb
  14              		.syntax unified
  15              		.file	"main.c"
  16              		.text
  17              	.Ltext0:
  18              		.cfi_sections	.debug_frame
  19              		.section	.text.LED_Control,"ax",%progbits
  20              		.align	2
  21              		.global	LED_Control
  22              		.code	16
  23              		.thumb_func
  24              		.type	LED_Control, %function
  25              	LED_Control:
  26              	.LFB34:
  27              		.file 1 "main.c"
   1:main.c        **** /******************************************************************************
   2:main.c        **** * File Name: main.c
   3:main.c        **** *
   4:main.c        **** * Version: 1.10
   5:main.c        **** *
   6:main.c        **** * Description:  This code example demonstrates a CapSense linear slider with
   7:main.c        **** * five segments and three CapSense buttons operation. CapSense linear slider and
   8:main.c        **** * buttons data is sent to CapSense Tuner or EZ-BLE PRoC Module using I2C communication.
   9:main.c        **** * The CapSense linear slider touch position and buttons status is used to turn ON/OFF
  10:main.c        **** * corresponding LEDs on the kit. It also demonstrates connectivity between the
  11:main.c        **** * EZ-BLE PRoC Module (acting as a Peripheral and GATT server device) and mobile device
  12:main.c        **** * running the CySmart mobile application (acting as a Central and GATT client device).
  13:main.c        **** * This code example also demonstrates a simple breathing effect of LED with breath-in
  14:main.c        **** * and breath-out rate of 1 Hz using SmartIO and PWM components.
  15:main.c        **** *
  16:main.c        **** * Related Document: CE210709 CapSense Linear Slider and Buttons.pdf
  17:main.c        **** *
  18:main.c        **** * Hardware Dependency: See CE210709 CapSense Linear Slider and Buttons.pdf
  19:main.c        **** *
  20:main.c        **** *******************************************************************************
  21:main.c        **** * Copyright (2018), Cypress Semiconductor Corporation. All rights reserved.
  22:main.c        **** *******************************************************************************
  23:main.c        **** * This software, including source code, documentation and related materials
  24:main.c        **** * (“Software”), is owned by Cypress Semiconductor Corporation or one of its
  25:main.c        **** * subsidiaries (“Cypress”) and is protected by and subject to worldwide patent
  26:main.c        **** * protection (United States and foreign), United States copyright laws and
  27:main.c        **** * international treaty provisions. Therefore, you may use this Software only
  28:main.c        **** * as provided in the license agreement accompanying the software package from
  29:main.c        **** * which you obtained this Software (“EULA”).
  30:main.c        **** *
ARM GAS  C:\Users\MICHAE~1.MAC\AppData\Local\Temp\ccdYMnG1.s 			page 2


  31:main.c        **** * If no EULA applies, Cypress hereby grants you a personal, nonexclusive,
  32:main.c        **** * non-transferable license to copy, modify, and compile the Software source
  33:main.c        **** * code solely for use in connection with Cypress’s integrated circuit products.
  34:main.c        **** * Any reproduction, modification, translation, compilation, or representation
  35:main.c        **** * of this Software except as specified above is prohibited without the express
  36:main.c        **** * written permission of Cypress.
  37:main.c        **** *
  38:main.c        **** * Disclaimer: THIS SOFTWARE IS PROVIDED AS-IS, WITH NO WARRANTY OF ANY KIND, 
  39:main.c        **** * EXPRESS OR IMPLIED, INCLUDING, BUT NOT LIMITED TO, NONINFRINGEMENT, IMPLIED 
  40:main.c        **** * WARRANTIES OF MERCHANTABILITY AND FITNESS FOR A PARTICULAR PURPOSE. Cypress 
  41:main.c        **** * reserves the right to make changes to the Software without notice. Cypress 
  42:main.c        **** * does not assume any liability arising out of the application or use of the 
  43:main.c        **** * Software or any product or circuit described in the Software. Cypress does 
  44:main.c        **** * not authorize its products for use in any products where a malfunction or 
  45:main.c        **** * failure of the Cypress product may reasonably be expected to result in 
  46:main.c        **** * significant property damage, injury or death (“High Risk Product”). By 
  47:main.c        **** * including Cypress’s product in a High Risk Product, the manufacturer of such 
  48:main.c        **** * system or application assumes all risk of such use and in doing so agrees to 
  49:main.c        **** * indemnify Cypress against all liability.
  50:main.c        **** *******************************************************************************/
  51:main.c        **** /*******************************************************************************
  52:main.c        **** *   Included Headers
  53:main.c        **** *******************************************************************************/
  54:main.c        **** #include "CapSense.h"
  55:main.c        **** #include <project.h>
  56:main.c        **** 
  57:main.c        **** /*****************************************************************************
  58:main.c        **** * MACRO Definitions
  59:main.c        **** *****************************************************************************/     
  60:main.c        **** 
  61:main.c        **** /* Boolean constants */
  62:main.c        **** #define LED_ON						(0u)
  63:main.c        **** #define LED_OFF						(1u)
  64:main.c        **** 
  65:main.c        **** /*Set the macro value to '1' to use tuner for debugging and tuning CapSense sensors
  66:main.c        ****   Set the macro value to '0' to send the CapSense Linear slider and buttons data to EZ-BLE PRoC mod
  67:main.c        **** #define ENABLE_TUNER                (1u)
  68:main.c        **** 
  69:main.c        **** /*I2C Buffer size = 4 bytes
  70:main.c        ****   BYTE0 = CapSense linear slider touch position
  71:main.c        ****   BYTE1 = No of buttons on CY8CKIT-145-40XX PSoC 4000S Prototyping Kit
  72:main.c        ****   BYTE2 = bit0= BTN1 status, bit1 = BTN2 status, bit2 = BTN3 status
  73:main.c        ****   BYTE3 = dummy for this project, for future expansion */
  74:main.c        **** #define BUFFER_SIZE                 (4u)
  75:main.c        **** #define READ_ONLY_OFFSET            (0u)
  76:main.c        **** #define TOTAL_CAPSENSE_BUTTONS      (3u)
  77:main.c        **** 
  78:main.c        **** /*I2C buffer index*/
  79:main.c        **** #define SLIDER_CENTROID_INDEX       (0u)
  80:main.c        **** #define BUTTON_COUNT_INDEX          (1u)
  81:main.c        **** #define BUTTON_STATUS_INDEX1        (2u)
  82:main.c        **** #define BUTTON_STATUS_INDEX2        (3u)
  83:main.c        **** 
  84:main.c        **** #define SET_BIT(data, bitPosition)  ((data) |= (1 << (bitPosition)))
  85:main.c        **** #define CLEAR_BIT(data, bitPosition)  ((data) &= (~(1 << (bitPosition))))
  86:main.c        **** 
  87:main.c        **** /* Finite state machine states for device operating states 
ARM GAS  C:\Users\MICHAE~1.MAC\AppData\Local\Temp\ccdYMnG1.s 			page 3


  88:main.c        ****     SENSOR_SCAN - Sensors are scanned in this state
  89:main.c        ****     WAIT_FOR_SCAN_COMPLETE - CPU is put to sleep in this state
  90:main.c        ****     PROCESS_DATA - Sensor data is processed, LEDs are controlled,
  91:main.c        ****                    and I2C buffer is updated in this state */
  92:main.c        **** typedef enum
  93:main.c        **** {
  94:main.c        ****     SENSOR_SCAN = 0x01u,                
  95:main.c        ****     WAIT_FOR_SCAN_COMPLETE = 0x02u,     
  96:main.c        ****     PROCESS_DATA = 0x03u,               
  97:main.c        **** } DEVICE_STATE;
  98:main.c        **** 
  99:main.c        **** /*Defining step size for LED control based on centroid position of slider*/
 100:main.c        **** #define STEP_SIZE (CapSense_SLD_X_RESOLUTION/CapSense_SLD_NUM_SENSORS) 
 101:main.c        **** 
 102:main.c        **** /*****************************************************************************
 103:main.c        **** * Function Prototypes
 104:main.c        **** *****************************************************************************/ 
 105:main.c        **** void LED_Control(void);
 106:main.c        **** 
 107:main.c        **** #if !ENABLE_TUNER 
 108:main.c        ****     /*In this project CapSense linear slider touch position and buttons status 
 109:main.c        ****         is sent to EZ-BLE PRoC Module via I2C interface. EZ-BLE PRoC Module transmits 
 110:main.c        ****         the CapSense linear slider touch position and button ON/OFF status data via BLE and 
 111:main.c        ****         the CapSense linear slider touch position can be viewed on mobile phones using CySmart app.
 112:main.c        ****         I2C buffer data format is decided based on the Cypress CapSense custom service
 113:main.c        ****         See this link for more details: http://www.cypress.com/file/175556/download*/
 114:main.c        ****     
 115:main.c        ****     
 116:main.c        ****     /*I2C Buffer used to send CapSense linear touch position and buttons status detected 
 117:main.c        ****         by PSoC 4000S device to EZ-BLE PRoC Module
 118:main.c        ****       BYTE0 = slider centroid position
 119:main.c        ****       BYTE1 = No of buttons on CY8CKIT-145-40XX PSoC 4000S Prototyping Kit
 120:main.c        ****       BYTE2 = bit0= BTN1 status, bit1 = BTN2 status, bit2 = BTN3 status
 121:main.c        ****       BYTE3 = dummy for this project, for future expansion */
 122:main.c        ****     uint8 i2cBuffer[] = {0,TOTAL_CAPSENSE_BUTTONS,0,0};
 123:main.c        **** #endif
 124:main.c        **** 
 125:main.c        **** int main()
 126:main.c        **** {	
 127:main.c        ****     #if !ENABLE_TUNER
 128:main.c        ****         /*Used as loop counter and widget ID*/
 129:main.c        ****         uint8 widgetID = 0;
 130:main.c        ****         
 131:main.c        ****         /*Contains the buttons status, one bit per button
 132:main.c        ****           bit0= BTN1 status, bit1 = BTN2 status, bit2 = BTN3 status*/
 133:main.c        ****         uint8 buttonStatus = 0;    
 134:main.c        ****     #endif
 135:main.c        ****         
 136:main.c        ****     /* Variable to hold the current device state 
 137:main.c        ****     *  State machine starts with sensor scan state after power-up
 138:main.c        ****     */
 139:main.c        ****     DEVICE_STATE currentState = SENSOR_SCAN;  
 140:main.c        ****     
 141:main.c        ****     /* Enable global interrupts. */
 142:main.c        ****     CyGlobalIntEnable; 
 143:main.c        ****     
 144:main.c        ****     /* Start EZI2C block */
ARM GAS  C:\Users\MICHAE~1.MAC\AppData\Local\Temp\ccdYMnG1.s 			page 4


 145:main.c        ****     EZI2C_Start();
 146:main.c        ****         
 147:main.c        ****     #if ENABLE_TUNER
 148:main.c        ****         /* Set up I2C communication data buffer with CapSense data structure 
 149:main.c        ****         to be exposed to I2C master on a primary slave address request
 150:main.c        ****         */
 151:main.c        ****         EZI2C_EzI2CSetBuffer1(sizeof(CapSense_dsRam),\
 152:main.c        ****         sizeof(CapSense_dsRam),(uint8 *)&CapSense_dsRam);
 153:main.c        ****     #else
 154:main.c        ****         /*Set up communication data buffer to send CapSense slider centroid 
 155:main.c        ****             position and button status to EZ-BLE on CY8CKIT-145-40XX PSoC 4000S Prototyping Kit*/
 156:main.c        ****         EZI2C_EzI2CSetBuffer1(sizeof(i2cBuffer), sizeof(i2cBuffer),i2cBuffer);
 157:main.c        ****     #endif
 158:main.c        ****         
 159:main.c        ****     /* Start CapSense block */
 160:main.c        ****     CapSense_Start();
 161:main.c        ****     
 162:main.c        **** 	/* Start the TCPWM components, TCPWM1 generates PWM signal of frequency of 100Hz
 163:main.c        ****        TCPWM2 generates PWM signal of frequency of 101Hz*/
 164:main.c        ****     TCPWM1_Start();
 165:main.c        ****     TCPWM2_Start();
 166:main.c        ****     
 167:main.c        ****     /* Start the SmartIO component, the two PWM signals are XORed to get the 
 168:main.c        ****         LED breathing effect of 1Hz*/
 169:main.c        ****     SmartIO_Port2_Start();       
 170:main.c        ****      			
 171:main.c        ****     for(;;)
 172:main.c        ****     {
 173:main.c        ****         /* Switch between SENSOR_SCAN->WAIT_FOR_SCAN_COMPLETE->PROCESS_DATA states */
 174:main.c        ****         switch(currentState)
 175:main.c        ****         {
 176:main.c        ****             case SENSOR_SCAN:
 177:main.c        **** 	            /* Initiate new scan only if the CapSense block is idle */
 178:main.c        ****                 if(CapSense_NOT_BUSY == CapSense_IsBusy())
 179:main.c        ****                 {
 180:main.c        ****                     #if ENABLE_TUNER
 181:main.c        ****                         /* Update CapSense parameters set via CapSense tuner before the 
 182:main.c        ****                            beginning of CapSense scan 
 183:main.c        ****                         */
 184:main.c        ****                         CapSense_RunTuner();
 185:main.c        ****                     #endif
 186:main.c        ****                     
 187:main.c        ****                     /* Scan widget configured by CSDSetupWidget API */
 188:main.c        ****                     CapSense_ScanAllWidgets();
 189:main.c        ****                                         
 190:main.c        ****                     /* Set next state to WAIT_FOR_SCAN_COMPLETE  */
 191:main.c        ****                     currentState = WAIT_FOR_SCAN_COMPLETE;
 192:main.c        ****                 }
 193:main.c        ****                 break;
 194:main.c        **** 
 195:main.c        ****             case WAIT_FOR_SCAN_COMPLETE:
 196:main.c        **** 
 197:main.c        ****                 /* Put the device to CPU Sleep until CapSense scanning is complete*/
 198:main.c        ****                 if(CapSense_NOT_BUSY != CapSense_IsBusy())
 199:main.c        ****                 {
 200:main.c        ****                     CySysPmSleep();
 201:main.c        ****                 }
ARM GAS  C:\Users\MICHAE~1.MAC\AppData\Local\Temp\ccdYMnG1.s 			page 5


 202:main.c        ****                 /* If CapSense scanning is complete, process the CapSense data */
 203:main.c        ****                 else
 204:main.c        ****                 {
 205:main.c        ****                     currentState = PROCESS_DATA;
 206:main.c        ****                 }
 207:main.c        ****                 break;
 208:main.c        ****         
 209:main.c        ****             case PROCESS_DATA:
 210:main.c        ****                 
 211:main.c        ****                 /* Process data on all the enabled widgets */
 212:main.c        ****                 CapSense_ProcessAllWidgets();
 213:main.c        ****                 
 214:main.c        ****                 /* Controls LEDs Status based on the result of Widget processing. */
 215:main.c        ****                 LED_Control();
 216:main.c        ****                 
 217:main.c        ****                 #if !ENABLE_TUNER
 218:main.c        ****                     
 219:main.c        ****                     /*If tuner is not enabled send the CapSense slider centroid position and button
 220:main.c        ****                         EZ-BLE PRoC Module on CY8CKIT-145-40XX PSoC 4000S Prototyping Kit  via I2C 
 221:main.c        ****                     
 222:main.c        ****                     /*Update the I2C buffer with slider centroid position*/
 223:main.c        ****                     i2cBuffer[SLIDER_CENTROID_INDEX] = (uint8) CapSense_GetCentroidPos(CapSense_SLD
 224:main.c        ****                     
 225:main.c        ****                     /*Calculate the button staus mask and update the I2C buffer
 226:main.c        ****                         bit0= BTN1 status, bit1 = BTN2 status, bit2 = BTN3 status*/
 227:main.c        ****                     for(widgetID = 0; widgetID < TOTAL_CAPSENSE_BUTTONS ; widgetID++)
 228:main.c        ****                     {
 229:main.c        ****                         if(CapSense_IsWidgetActive(widgetID))
 230:main.c        ****                         {
 231:main.c        ****                             SET_BIT(buttonStatus, widgetID);
 232:main.c        ****                         }
 233:main.c        ****                         else
 234:main.c        ****                         {
 235:main.c        ****                             CLEAR_BIT(buttonStatus, widgetID);
 236:main.c        ****                         }
 237:main.c        ****                     }                     
 238:main.c        ****                     i2cBuffer[BUTTON_STATUS_INDEX1] = buttonStatus;                   
 239:main.c        ****                 #endif                
 240:main.c        ****                 
 241:main.c        ****                 /* Set the device state to SENSOR_SCAN */
 242:main.c        ****                 currentState = SENSOR_SCAN;  
 243:main.c        ****                 break;  
 244:main.c        ****              
 245:main.c        ****             /*******************************************************************
 246:main.c        ****              * Unknown power mode state. Unexpected situation.
 247:main.c        ****              ******************************************************************/    
 248:main.c        ****             default:
 249:main.c        ****                 break;
 250:main.c        ****         } 
 251:main.c        ****     }
 252:main.c        **** }
 253:main.c        **** 
 254:main.c        **** /*******************************************************************************
 255:main.c        **** * Function Name: LED_Control
 256:main.c        **** ********************************************************************************
 257:main.c        **** * Summary:
 258:main.c        **** * In this function LEDs are controlled based on the CapSense buttons status
ARM GAS  C:\Users\MICHAE~1.MAC\AppData\Local\Temp\ccdYMnG1.s 			page 6


 259:main.c        **** * and CapSense linear slider touch position. LEDs corresponding to buttons are turned ON when
 260:main.c        **** * the button is touched and turned OFF when the button is released. 
 261:main.c        **** * If a touch is detected on CapSense linear slider, depending on the touch position 
 262:main.c        **** * the corresponding LEDs are turned ON.
 263:main.c        **** *
 264:main.c        **** * Parameters:
 265:main.c        **** *  void
 266:main.c        **** *
 267:main.c        **** * Return:
 268:main.c        **** *  void
 269:main.c        **** *
 270:main.c        **** *******************************************************************************/
 271:main.c        **** 
 272:main.c        **** void LED_Control()
 273:main.c        **** {
  28              		.loc 1 273 0
  29              		.cfi_startproc
  30              		@ args = 0, pretend = 0, frame = 0
  31              		@ frame_needed = 0, uses_anonymous_args = 0
  32 0000 70B5     		push	{r4, r5, r6, lr}
  33              		.cfi_def_cfa_offset 16
  34              		.cfi_offset 4, -16
  35              		.cfi_offset 5, -12
  36              		.cfi_offset 6, -8
  37              		.cfi_offset 14, -4
 274:main.c        ****     uint32 centroid;
 275:main.c        ****     /*Get the touch position(centroid) of CapSense Linear Slider*/
 276:main.c        ****     centroid = CapSense_GetCentroidPos(CapSense_SLD_WDGT_ID);
  38              		.loc 1 276 0
  39 0002 0320     		movs	r0, #3
  40 0004 FFF7FEFF 		bl	CapSense_GetCentroidPos
  41              	.LVL0:
  42 0008 0400     		movs	r4, r0
  43              	.LVL1:
 277:main.c        ****    
 278:main.c        ****     /*Turn ON/OFF LEDs based on the status of the corresponding CapSense buttons*/
 279:main.c        ****     LED9_Write(CapSense_IsWidgetActive(CapSense_BTN0_WDGT_ID) ? LED_ON : LED_OFF );
  44              		.loc 1 279 0
  45 000a 0020     		movs	r0, #0
  46              	.LVL2:
  47 000c FFF7FEFF 		bl	CapSense_IsWidgetActive
  48              	.LVL3:
  49 0010 4342     		rsbs	r3, r0, #0
  50 0012 5841     		adcs	r0, r0, r3
  51 0014 C0B2     		uxtb	r0, r0
  52 0016 FFF7FEFF 		bl	LED9_Write
  53              	.LVL4:
 280:main.c        ****     LED10_Write(CapSense_IsWidgetActive(CapSense_BTN1_WDGT_ID) ? LED_ON : LED_OFF );
  54              		.loc 1 280 0
  55 001a 0120     		movs	r0, #1
  56 001c FFF7FEFF 		bl	CapSense_IsWidgetActive
  57              	.LVL5:
  58 0020 4342     		rsbs	r3, r0, #0
  59 0022 5841     		adcs	r0, r0, r3
  60 0024 C0B2     		uxtb	r0, r0
  61 0026 FFF7FEFF 		bl	LED10_Write
  62              	.LVL6:
ARM GAS  C:\Users\MICHAE~1.MAC\AppData\Local\Temp\ccdYMnG1.s 			page 7


 281:main.c        ****     LED11_Write(CapSense_IsWidgetActive(CapSense_BTN2_WDGT_ID) ? LED_ON : LED_OFF );
  63              		.loc 1 281 0
  64 002a 0220     		movs	r0, #2
  65 002c FFF7FEFF 		bl	CapSense_IsWidgetActive
  66              	.LVL7:
  67 0030 4342     		rsbs	r3, r0, #0
  68 0032 5841     		adcs	r0, r0, r3
  69 0034 C0B2     		uxtb	r0, r0
  70 0036 FFF7FEFF 		bl	LED11_Write
  71              	.LVL8:
 282:main.c        **** 
 283:main.c        ****     /*Turn ON/OFF LEDs based on the finger position (centroid) on the CapSense Linear slider*/
 284:main.c        ****     if(CapSense_IsWidgetActive(CapSense_SLD_WDGT_ID))
  72              		.loc 1 284 0
  73 003a 0320     		movs	r0, #3
  74 003c FFF7FEFF 		bl	CapSense_IsWidgetActive
  75              	.LVL9:
  76 0040 0028     		cmp	r0, #0
  77 0042 1FD0     		beq	.L2
 285:main.c        ****     {        
 286:main.c        ****         LED4_Write( ( (centroid > 0) || (centroid == 0)) ? LED_ON : LED_OFF );
  78              		.loc 1 286 0
  79 0044 0020     		movs	r0, #0
  80 0046 FFF7FEFF 		bl	LED4_Write
  81              	.LVL10:
 287:main.c        ****         LED5_Write( ( centroid > ( 1 * STEP_SIZE ) ) ? LED_ON : LED_OFF);
  82              		.loc 1 287 0
  83 004a 0025     		movs	r5, #0
  84 004c 1423     		movs	r3, #20
  85 004e 2800     		movs	r0, r5
  86 0050 A342     		cmp	r3, r4
  87 0052 6841     		adcs	r0, r0, r5
  88 0054 C0B2     		uxtb	r0, r0
  89 0056 FFF7FEFF 		bl	LED5_Write
  90              	.LVL11:
 288:main.c        ****         LED6_Write( ( centroid > ( 2 * STEP_SIZE ) ) ? LED_ON : LED_OFF);
  91              		.loc 1 288 0
  92 005a 2823     		movs	r3, #40
  93 005c 2800     		movs	r0, r5
  94 005e A342     		cmp	r3, r4
  95 0060 6841     		adcs	r0, r0, r5
  96 0062 C0B2     		uxtb	r0, r0
  97 0064 FFF7FEFF 		bl	LED6_Write
  98              	.LVL12:
 289:main.c        ****         LED7_Write( ( centroid > ( 3 * STEP_SIZE ) ) ? LED_ON : LED_OFF);
  99              		.loc 1 289 0
 100 0068 3C23     		movs	r3, #60
 101 006a 2800     		movs	r0, r5
 102 006c A342     		cmp	r3, r4
 103 006e 6841     		adcs	r0, r0, r5
 104 0070 C0B2     		uxtb	r0, r0
 105 0072 FFF7FEFF 		bl	LED7_Write
 106              	.LVL13:
 290:main.c        ****         LED8_Write( ( centroid > ( 4 * STEP_SIZE ) ) ? LED_ON : LED_OFF);
 107              		.loc 1 290 0
 108 0076 5023     		movs	r3, #80
 109 0078 A342     		cmp	r3, r4
ARM GAS  C:\Users\MICHAE~1.MAC\AppData\Local\Temp\ccdYMnG1.s 			page 8


 110 007a 6D41     		adcs	r5, r5, r5
 111 007c E8B2     		uxtb	r0, r5
 112 007e FFF7FEFF 		bl	LED8_Write
 113              	.LVL14:
 114 0082 0EE0     		b	.L1
 115              	.L2:
 291:main.c        ****     }
 292:main.c        ****     else
 293:main.c        ****     {
 294:main.c        ****         LED4_Write(LED_OFF);
 116              		.loc 1 294 0
 117 0084 0120     		movs	r0, #1
 118 0086 FFF7FEFF 		bl	LED4_Write
 119              	.LVL15:
 295:main.c        ****         LED5_Write(LED_OFF);
 120              		.loc 1 295 0
 121 008a 0120     		movs	r0, #1
 122 008c FFF7FEFF 		bl	LED5_Write
 123              	.LVL16:
 296:main.c        ****         LED6_Write(LED_OFF);
 124              		.loc 1 296 0
 125 0090 0120     		movs	r0, #1
 126 0092 FFF7FEFF 		bl	LED6_Write
 127              	.LVL17:
 297:main.c        ****         LED7_Write(LED_OFF);
 128              		.loc 1 297 0
 129 0096 0120     		movs	r0, #1
 130 0098 FFF7FEFF 		bl	LED7_Write
 131              	.LVL18:
 298:main.c        ****         LED8_Write(LED_OFF);
 132              		.loc 1 298 0
 133 009c 0120     		movs	r0, #1
 134 009e FFF7FEFF 		bl	LED8_Write
 135              	.LVL19:
 136              	.L1:
 299:main.c        ****     }
 300:main.c        **** }
 137              		.loc 1 300 0
 138              		@ sp needed
 139              	.LVL20:
 140 00a2 70BD     		pop	{r4, r5, r6, pc}
 141              		.cfi_endproc
 142              	.LFE34:
 143              		.size	LED_Control, .-LED_Control
 144              		.section	.text.main,"ax",%progbits
 145              		.align	2
 146              		.global	main
 147              		.code	16
 148              		.thumb_func
 149              		.type	main, %function
 150              	main:
 151              	.LFB33:
 126:main.c        ****     #if !ENABLE_TUNER
 152              		.loc 1 126 0
 153              		.cfi_startproc
 154              		@ args = 0, pretend = 0, frame = 0
 155              		@ frame_needed = 0, uses_anonymous_args = 0
ARM GAS  C:\Users\MICHAE~1.MAC\AppData\Local\Temp\ccdYMnG1.s 			page 9


 156 0000 10B5     		push	{r4, lr}
 157              		.cfi_def_cfa_offset 8
 158              		.cfi_offset 4, -8
 159              		.cfi_offset 14, -4
 160              	.LVL21:
 142:main.c        ****     
 161              		.loc 1 142 0
 162              		.syntax divided
 163              	@ 142 "main.c" 1
 164 0002 62B6     		CPSIE   i
 165              	@ 0 "" 2
 145:main.c        ****         
 166              		.loc 1 145 0
 167              		.thumb
 168              		.syntax unified
 169 0004 FFF7FEFF 		bl	EZI2C_Start
 170              	.LVL22:
 151:main.c        ****         sizeof(CapSense_dsRam),(uint8 *)&CapSense_dsRam);
 171              		.loc 1 151 0
 172 0008 164A     		ldr	r2, .L12
 173 000a B021     		movs	r1, #176
 174 000c B020     		movs	r0, #176
 175 000e FFF7FEFF 		bl	EZI2C_EzI2CSetBuffer1
 176              	.LVL23:
 160:main.c        ****     
 177              		.loc 1 160 0
 178 0012 FFF7FEFF 		bl	CapSense_Start
 179              	.LVL24:
 164:main.c        ****     TCPWM2_Start();
 180              		.loc 1 164 0
 181 0016 FFF7FEFF 		bl	TCPWM1_Start
 182              	.LVL25:
 165:main.c        ****     
 183              		.loc 1 165 0
 184 001a FFF7FEFF 		bl	TCPWM2_Start
 185              	.LVL26:
 169:main.c        ****      			
 186              		.loc 1 169 0
 187 001e FFF7FEFF 		bl	SmartIO_Port2_Start
 188              	.LVL27:
 139:main.c        ****     
 189              		.loc 1 139 0
 190 0022 0124     		movs	r4, #1
 191 0024 00E0     		b	.L6
 192              	.LVL28:
 193              	.L11:
 205:main.c        ****                 }
 194              		.loc 1 205 0
 195 0026 0324     		movs	r4, #3
 196              	.LVL29:
 197              	.L6:
 174:main.c        ****         {
 198              		.loc 1 174 0
 199 0028 022C     		cmp	r4, #2
 200 002a 0DD0     		beq	.L7
 201 002c 032C     		cmp	r4, #3
 202 002e 12D0     		beq	.L8
ARM GAS  C:\Users\MICHAE~1.MAC\AppData\Local\Temp\ccdYMnG1.s 			page 10


 203 0030 012C     		cmp	r4, #1
 204 0032 F9D1     		bne	.L6
 178:main.c        ****                 {
 205              		.loc 1 178 0
 206 0034 FFF7FEFF 		bl	CapSense_IsBusy
 207              	.LVL30:
 208 0038 0028     		cmp	r0, #0
 209 003a F5D1     		bne	.L6
 184:main.c        ****                     #endif
 210              		.loc 1 184 0
 211 003c FFF7FEFF 		bl	CapSense_RunTuner
 212              	.LVL31:
 188:main.c        ****                                         
 213              		.loc 1 188 0
 214 0040 FFF7FEFF 		bl	CapSense_ScanAllWidgets
 215              	.LVL32:
 191:main.c        ****                 }
 216              		.loc 1 191 0
 217 0044 0134     		adds	r4, r4, #1
 218 0046 EFE7     		b	.L6
 219              	.LVL33:
 220              	.L7:
 198:main.c        ****                 {
 221              		.loc 1 198 0
 222 0048 FFF7FEFF 		bl	CapSense_IsBusy
 223              	.LVL34:
 224 004c 0028     		cmp	r0, #0
 225 004e EAD0     		beq	.L11
 200:main.c        ****                 }
 226              		.loc 1 200 0
 227 0050 FFF7FEFF 		bl	CySysPmSleep
 228              	.LVL35:
 229 0054 E8E7     		b	.L6
 230              	.L8:
 212:main.c        ****                 
 231              		.loc 1 212 0
 232 0056 FFF7FEFF 		bl	CapSense_ProcessAllWidgets
 233              	.LVL36:
 215:main.c        ****                 
 234              		.loc 1 215 0
 235 005a FFF7FEFF 		bl	LED_Control
 236              	.LVL37:
 242:main.c        ****                 break;  
 237              		.loc 1 242 0
 238 005e 0124     		movs	r4, #1
 243:main.c        ****              
 239              		.loc 1 243 0
 240 0060 E2E7     		b	.L6
 241              	.L13:
 242 0062 C046     		.align	2
 243              	.L12:
 244 0064 00000000 		.word	CapSense_dsRam
 245              		.cfi_endproc
 246              	.LFE33:
 247              		.size	main, .-main
 248              		.text
 249              	.Letext0:
ARM GAS  C:\Users\MICHAE~1.MAC\AppData\Local\Temp\ccdYMnG1.s 			page 11


 250              		.file 2 "Generated_Source\\PSoC4/cytypes.h"
 251              		.file 3 "Generated_Source\\PSoC4/CapSense_Configuration.h"
 252              		.file 4 "Generated_Source\\PSoC4/CapSense_Structure.h"
 253              		.file 5 "Generated_Source\\PSoC4/LED9.h"
 254              		.file 6 "Generated_Source\\PSoC4/LED10.h"
 255              		.file 7 "Generated_Source\\PSoC4/LED11.h"
 256              		.file 8 "Generated_Source\\PSoC4/LED4.h"
 257              		.file 9 "Generated_Source\\PSoC4/LED5.h"
 258              		.file 10 "Generated_Source\\PSoC4/LED6.h"
 259              		.file 11 "Generated_Source\\PSoC4/LED7.h"
 260              		.file 12 "Generated_Source\\PSoC4/LED8.h"
 261              		.file 13 "Generated_Source\\PSoC4/EZI2C.h"
 262              		.file 14 "Generated_Source\\PSoC4/EZI2C_EZI2C.h"
 263              		.file 15 "Generated_Source\\PSoC4/CapSense_Control.h"
 264              		.file 16 "Generated_Source\\PSoC4/TCPWM1.h"
 265              		.file 17 "Generated_Source\\PSoC4/TCPWM2.h"
 266              		.file 18 "Generated_Source\\PSoC4/SmartIO_Port2.h"
 267              		.file 19 "Generated_Source\\PSoC4/CapSense_Sensing.h"
 268              		.file 20 "Generated_Source\\PSoC4/CapSense_Tuner.h"
 269              		.file 21 "Generated_Source\\PSoC4/cyPm.h"
 270              		.section	.debug_info,"",%progbits
 271              	.Ldebug_info0:
 272 0000 C6070000 		.4byte	0x7c6
 273 0004 0400     		.2byte	0x4
 274 0006 00000000 		.4byte	.Ldebug_abbrev0
 275 000a 04       		.byte	0x4
 276 000b 01       		.uleb128 0x1
 277 000c 88000000 		.4byte	.LASF89
 278 0010 0C       		.byte	0xc
 279 0011 DF040000 		.4byte	.LASF90
 280 0015 3C010000 		.4byte	.LASF91
 281 0019 00000000 		.4byte	.Ldebug_ranges0+0
 282 001d 00000000 		.4byte	0
 283 0021 00000000 		.4byte	.Ldebug_line0
 284 0025 02       		.uleb128 0x2
 285 0026 01       		.byte	0x1
 286 0027 06       		.byte	0x6
 287 0028 34020000 		.4byte	.LASF0
 288 002c 02       		.uleb128 0x2
 289 002d 01       		.byte	0x1
 290 002e 08       		.byte	0x8
 291 002f A8020000 		.4byte	.LASF1
 292 0033 02       		.uleb128 0x2
 293 0034 02       		.byte	0x2
 294 0035 05       		.byte	0x5
 295 0036 3C000000 		.4byte	.LASF2
 296 003a 02       		.uleb128 0x2
 297 003b 02       		.byte	0x2
 298 003c 07       		.byte	0x7
 299 003d 7D040000 		.4byte	.LASF3
 300 0041 02       		.uleb128 0x2
 301 0042 04       		.byte	0x4
 302 0043 05       		.byte	0x5
 303 0044 77020000 		.4byte	.LASF4
 304 0048 02       		.uleb128 0x2
 305 0049 04       		.byte	0x4
 306 004a 07       		.byte	0x7
ARM GAS  C:\Users\MICHAE~1.MAC\AppData\Local\Temp\ccdYMnG1.s 			page 12


 307 004b E6040000 		.4byte	.LASF5
 308 004f 02       		.uleb128 0x2
 309 0050 08       		.byte	0x8
 310 0051 05       		.byte	0x5
 311 0052 2E010000 		.4byte	.LASF6
 312 0056 02       		.uleb128 0x2
 313 0057 08       		.byte	0x8
 314 0058 07       		.byte	0x7
 315 0059 5A030000 		.4byte	.LASF7
 316 005d 03       		.uleb128 0x3
 317 005e 04       		.byte	0x4
 318 005f 05       		.byte	0x5
 319 0060 696E7400 		.ascii	"int\000"
 320 0064 02       		.uleb128 0x2
 321 0065 04       		.byte	0x4
 322 0066 07       		.byte	0x7
 323 0067 80030000 		.4byte	.LASF8
 324 006b 04       		.uleb128 0x4
 325 006c 15020000 		.4byte	.LASF9
 326 0070 02       		.byte	0x2
 327 0071 E401     		.2byte	0x1e4
 328 0073 2C000000 		.4byte	0x2c
 329 0077 04       		.uleb128 0x4
 330 0078 FC010000 		.4byte	.LASF10
 331 007c 02       		.byte	0x2
 332 007d E501     		.2byte	0x1e5
 333 007f 3A000000 		.4byte	0x3a
 334 0083 04       		.uleb128 0x4
 335 0084 D8040000 		.4byte	.LASF11
 336 0088 02       		.byte	0x2
 337 0089 E601     		.2byte	0x1e6
 338 008b 48000000 		.4byte	0x48
 339 008f 02       		.uleb128 0x2
 340 0090 04       		.byte	0x4
 341 0091 04       		.byte	0x4
 342 0092 40020000 		.4byte	.LASF12
 343 0096 02       		.uleb128 0x2
 344 0097 08       		.byte	0x8
 345 0098 04       		.byte	0x4
 346 0099 F8040000 		.4byte	.LASF13
 347 009d 02       		.uleb128 0x2
 348 009e 01       		.byte	0x1
 349 009f 08       		.byte	0x8
 350 00a0 72020000 		.4byte	.LASF14
 351 00a4 05       		.uleb128 0x5
 352 00a5 83000000 		.4byte	0x83
 353 00a9 04       		.uleb128 0x4
 354 00aa 18030000 		.4byte	.LASF15
 355 00ae 03       		.byte	0x3
 356 00af 2201     		.2byte	0x122
 357 00b1 77000000 		.4byte	0x77
 358 00b5 04       		.uleb128 0x4
 359 00b6 F6030000 		.4byte	.LASF16
 360 00ba 03       		.byte	0x3
 361 00bb 2601     		.2byte	0x126
 362 00bd 6B000000 		.4byte	0x6b
 363 00c1 02       		.uleb128 0x2
ARM GAS  C:\Users\MICHAE~1.MAC\AppData\Local\Temp\ccdYMnG1.s 			page 13


 364 00c2 08       		.byte	0x8
 365 00c3 04       		.byte	0x4
 366 00c4 DE020000 		.4byte	.LASF17
 367 00c8 02       		.uleb128 0x2
 368 00c9 04       		.byte	0x4
 369 00ca 07       		.byte	0x7
 370 00cb 2D050000 		.4byte	.LASF18
 371 00cf 06       		.uleb128 0x6
 372 00d0 6B000000 		.4byte	0x6b
 373 00d4 DF000000 		.4byte	0xdf
 374 00d8 07       		.uleb128 0x7
 375 00d9 C8000000 		.4byte	0xc8
 376 00dd 00       		.byte	0
 377 00de 00       		.byte	0
 378 00df 08       		.uleb128 0x8
 379 00e0 0E       		.byte	0xe
 380 00e1 04       		.byte	0x4
 381 00e2 CE       		.byte	0xce
 382 00e3 62010000 		.4byte	0x162
 383 00e7 09       		.uleb128 0x9
 384 00e8 72040000 		.4byte	.LASF19
 385 00ec 04       		.byte	0x4
 386 00ed D3       		.byte	0xd3
 387 00ee 77000000 		.4byte	0x77
 388 00f2 00       		.byte	0
 389 00f3 09       		.uleb128 0x9
 390 00f4 80020000 		.4byte	.LASF20
 391 00f8 04       		.byte	0x4
 392 00f9 D8       		.byte	0xd8
 393 00fa A9000000 		.4byte	0xa9
 394 00fe 02       		.byte	0x2
 395 00ff 09       		.uleb128 0x9
 396 0100 15050000 		.4byte	.LASF21
 397 0104 04       		.byte	0x4
 398 0105 DD       		.byte	0xdd
 399 0106 6B000000 		.4byte	0x6b
 400 010a 04       		.byte	0x4
 401 010b 09       		.uleb128 0x9
 402 010c BB040000 		.4byte	.LASF22
 403 0110 04       		.byte	0x4
 404 0111 E2       		.byte	0xe2
 405 0112 6B000000 		.4byte	0x6b
 406 0116 05       		.byte	0x5
 407 0117 09       		.uleb128 0x9
 408 0118 B6020000 		.4byte	.LASF23
 409 011c 04       		.byte	0x4
 410 011d E8       		.byte	0xe8
 411 011e 6B000000 		.4byte	0x6b
 412 0122 06       		.byte	0x6
 413 0123 09       		.uleb128 0x9
 414 0124 64000000 		.4byte	.LASF24
 415 0128 04       		.byte	0x4
 416 0129 EE       		.byte	0xee
 417 012a 6B000000 		.4byte	0x6b
 418 012e 07       		.byte	0x7
 419 012f 09       		.uleb128 0x9
 420 0130 24000000 		.4byte	.LASF25
ARM GAS  C:\Users\MICHAE~1.MAC\AppData\Local\Temp\ccdYMnG1.s 			page 14


 421 0134 04       		.byte	0x4
 422 0135 F5       		.byte	0xf5
 423 0136 B5000000 		.4byte	0xb5
 424 013a 08       		.byte	0x8
 425 013b 09       		.uleb128 0x9
 426 013c 34000000 		.4byte	.LASF26
 427 0140 04       		.byte	0x4
 428 0141 FC       		.byte	0xfc
 429 0142 CF000000 		.4byte	0xcf
 430 0146 09       		.byte	0x9
 431 0147 0A       		.uleb128 0xa
 432 0148 92020000 		.4byte	.LASF27
 433 014c 04       		.byte	0x4
 434 014d 0401     		.2byte	0x104
 435 014f 77000000 		.4byte	0x77
 436 0153 0A       		.byte	0xa
 437 0154 0A       		.uleb128 0xa
 438 0155 D4010000 		.4byte	.LASF28
 439 0159 04       		.byte	0x4
 440 015a 0901     		.2byte	0x109
 441 015c 6B000000 		.4byte	0x6b
 442 0160 0C       		.byte	0xc
 443 0161 00       		.byte	0
 444 0162 04       		.uleb128 0x4
 445 0163 46000000 		.4byte	.LASF29
 446 0167 04       		.byte	0x4
 447 0168 0A01     		.2byte	0x10a
 448 016a DF000000 		.4byte	0xdf
 449 016e 0B       		.uleb128 0xb
 450 016f 10       		.byte	0x10
 451 0170 04       		.byte	0x4
 452 0171 0F01     		.2byte	0x10f
 453 0173 07020000 		.4byte	0x207
 454 0177 0A       		.uleb128 0xa
 455 0178 72040000 		.4byte	.LASF19
 456 017c 04       		.byte	0x4
 457 017d 1401     		.2byte	0x114
 458 017f 77000000 		.4byte	0x77
 459 0183 00       		.byte	0
 460 0184 0A       		.uleb128 0xa
 461 0185 80020000 		.4byte	.LASF20
 462 0189 04       		.byte	0x4
 463 018a 1901     		.2byte	0x119
 464 018c A9000000 		.4byte	0xa9
 465 0190 02       		.byte	0x2
 466 0191 0A       		.uleb128 0xa
 467 0192 15050000 		.4byte	.LASF21
 468 0196 04       		.byte	0x4
 469 0197 1E01     		.2byte	0x11e
 470 0199 6B000000 		.4byte	0x6b
 471 019d 04       		.byte	0x4
 472 019e 0A       		.uleb128 0xa
 473 019f BB040000 		.4byte	.LASF22
 474 01a3 04       		.byte	0x4
 475 01a4 2301     		.2byte	0x123
 476 01a6 6B000000 		.4byte	0x6b
 477 01aa 05       		.byte	0x5
ARM GAS  C:\Users\MICHAE~1.MAC\AppData\Local\Temp\ccdYMnG1.s 			page 15


 478 01ab 0A       		.uleb128 0xa
 479 01ac B6020000 		.4byte	.LASF23
 480 01b0 04       		.byte	0x4
 481 01b1 2901     		.2byte	0x129
 482 01b3 6B000000 		.4byte	0x6b
 483 01b7 06       		.byte	0x6
 484 01b8 0A       		.uleb128 0xa
 485 01b9 64000000 		.4byte	.LASF24
 486 01bd 04       		.byte	0x4
 487 01be 2F01     		.2byte	0x12f
 488 01c0 6B000000 		.4byte	0x6b
 489 01c4 07       		.byte	0x7
 490 01c5 0A       		.uleb128 0xa
 491 01c6 24000000 		.4byte	.LASF25
 492 01ca 04       		.byte	0x4
 493 01cb 3601     		.2byte	0x136
 494 01cd B5000000 		.4byte	0xb5
 495 01d1 08       		.byte	0x8
 496 01d2 0A       		.uleb128 0xa
 497 01d3 34000000 		.4byte	.LASF26
 498 01d7 04       		.byte	0x4
 499 01d8 3D01     		.2byte	0x13d
 500 01da CF000000 		.4byte	0xcf
 501 01de 09       		.byte	0x9
 502 01df 0A       		.uleb128 0xa
 503 01e0 92020000 		.4byte	.LASF27
 504 01e4 04       		.byte	0x4
 505 01e5 4501     		.2byte	0x145
 506 01e7 77000000 		.4byte	0x77
 507 01eb 0A       		.byte	0xa
 508 01ec 0A       		.uleb128 0xa
 509 01ed D4010000 		.4byte	.LASF28
 510 01f1 04       		.byte	0x4
 511 01f2 4A01     		.2byte	0x14a
 512 01f4 6B000000 		.4byte	0x6b
 513 01f8 0C       		.byte	0xc
 514 01f9 0A       		.uleb128 0xa
 515 01fa 4D050000 		.4byte	.LASF30
 516 01fe 04       		.byte	0x4
 517 01ff 4F01     		.2byte	0x14f
 518 0201 07020000 		.4byte	0x207
 519 0205 0E       		.byte	0xe
 520 0206 00       		.byte	0
 521 0207 06       		.uleb128 0x6
 522 0208 77000000 		.4byte	0x77
 523 020c 17020000 		.4byte	0x217
 524 0210 07       		.uleb128 0x7
 525 0211 C8000000 		.4byte	0xc8
 526 0215 00       		.byte	0
 527 0216 00       		.byte	0
 528 0217 04       		.uleb128 0x4
 529 0218 C3050000 		.4byte	.LASF31
 530 021c 04       		.byte	0x4
 531 021d 5001     		.2byte	0x150
 532 021f 6E010000 		.4byte	0x16e
 533 0223 0B       		.uleb128 0xb
 534 0224 3A       		.byte	0x3a
ARM GAS  C:\Users\MICHAE~1.MAC\AppData\Local\Temp\ccdYMnG1.s 			page 16


 535 0225 04       		.byte	0x4
 536 0226 5601     		.2byte	0x156
 537 0228 61020000 		.4byte	0x261
 538 022c 0A       		.uleb128 0xa
 539 022d E1010000 		.4byte	.LASF32
 540 0231 04       		.byte	0x4
 541 0232 5B01     		.2byte	0x15b
 542 0234 62010000 		.4byte	0x162
 543 0238 00       		.byte	0
 544 0239 0A       		.uleb128 0xa
 545 023a E6010000 		.4byte	.LASF33
 546 023e 04       		.byte	0x4
 547 023f 6001     		.2byte	0x160
 548 0241 62010000 		.4byte	0x162
 549 0245 0E       		.byte	0xe
 550 0246 0A       		.uleb128 0xa
 551 0247 EB010000 		.4byte	.LASF34
 552 024b 04       		.byte	0x4
 553 024c 6501     		.2byte	0x165
 554 024e 62010000 		.4byte	0x162
 555 0252 1C       		.byte	0x1c
 556 0253 0C       		.uleb128 0xc
 557 0254 736C6400 		.ascii	"sld\000"
 558 0258 04       		.byte	0x4
 559 0259 6A01     		.2byte	0x16a
 560 025b 17020000 		.4byte	0x217
 561 025f 2A       		.byte	0x2a
 562 0260 00       		.byte	0
 563 0261 04       		.uleb128 0x4
 564 0262 46020000 		.4byte	.LASF35
 565 0266 04       		.byte	0x4
 566 0267 6B01     		.2byte	0x16b
 567 0269 23020000 		.4byte	0x223
 568 026d 0B       		.uleb128 0xb
 569 026e 0A       		.byte	0xa
 570 026f 04       		.byte	0x4
 571 0270 7101     		.2byte	0x171
 572 0272 C5020000 		.4byte	0x2c5
 573 0276 0C       		.uleb128 0xc
 574 0277 72617700 		.ascii	"raw\000"
 575 027b 04       		.byte	0x4
 576 027c 7601     		.2byte	0x176
 577 027e 07020000 		.4byte	0x207
 578 0282 00       		.byte	0
 579 0283 0A       		.uleb128 0xa
 580 0284 7A000000 		.4byte	.LASF36
 581 0288 04       		.byte	0x4
 582 0289 7B01     		.2byte	0x17b
 583 028b 07020000 		.4byte	0x207
 584 028f 02       		.byte	0x2
 585 0290 0A       		.uleb128 0xa
 586 0291 FF040000 		.4byte	.LASF37
 587 0295 04       		.byte	0x4
 588 0296 8101     		.2byte	0x181
 589 0298 CF000000 		.4byte	0xcf
 590 029c 04       		.byte	0x4
 591 029d 0A       		.uleb128 0xa
ARM GAS  C:\Users\MICHAE~1.MAC\AppData\Local\Temp\ccdYMnG1.s 			page 17


 592 029e 2F000000 		.4byte	.LASF38
 593 02a2 04       		.byte	0x4
 594 02a3 8601     		.2byte	0x186
 595 02a5 A9000000 		.4byte	0xa9
 596 02a9 06       		.byte	0x6
 597 02aa 0A       		.uleb128 0xa
 598 02ab 07050000 		.4byte	.LASF39
 599 02af 04       		.byte	0x4
 600 02b0 8B01     		.2byte	0x18b
 601 02b2 C5020000 		.4byte	0x2c5
 602 02b6 08       		.byte	0x8
 603 02b7 0A       		.uleb128 0xa
 604 02b8 1A010000 		.4byte	.LASF40
 605 02bc 04       		.byte	0x4
 606 02bd 9001     		.2byte	0x190
 607 02bf CF000000 		.4byte	0xcf
 608 02c3 09       		.byte	0x9
 609 02c4 00       		.byte	0
 610 02c5 06       		.uleb128 0x6
 611 02c6 B5000000 		.4byte	0xb5
 612 02ca D5020000 		.4byte	0x2d5
 613 02ce 07       		.uleb128 0x7
 614 02cf C8000000 		.4byte	0xc8
 615 02d3 00       		.byte	0
 616 02d4 00       		.byte	0
 617 02d5 04       		.uleb128 0x4
 618 02d6 DE030000 		.4byte	.LASF41
 619 02da 04       		.byte	0x4
 620 02db 9101     		.2byte	0x191
 621 02dd 6D020000 		.4byte	0x26d
 622 02e1 0B       		.uleb128 0xb
 623 02e2 50       		.byte	0x50
 624 02e3 04       		.byte	0x4
 625 02e4 9701     		.2byte	0x197
 626 02e6 1F030000 		.4byte	0x31f
 627 02ea 0A       		.uleb128 0xa
 628 02eb E1010000 		.4byte	.LASF32
 629 02ef 04       		.byte	0x4
 630 02f0 9C01     		.2byte	0x19c
 631 02f2 1F030000 		.4byte	0x31f
 632 02f6 00       		.byte	0
 633 02f7 0A       		.uleb128 0xa
 634 02f8 E6010000 		.4byte	.LASF33
 635 02fc 04       		.byte	0x4
 636 02fd A101     		.2byte	0x1a1
 637 02ff 1F030000 		.4byte	0x31f
 638 0303 0A       		.byte	0xa
 639 0304 0A       		.uleb128 0xa
 640 0305 EB010000 		.4byte	.LASF34
 641 0309 04       		.byte	0x4
 642 030a A601     		.2byte	0x1a6
 643 030c 1F030000 		.4byte	0x31f
 644 0310 14       		.byte	0x14
 645 0311 0C       		.uleb128 0xc
 646 0312 736C6400 		.ascii	"sld\000"
 647 0316 04       		.byte	0x4
 648 0317 AB01     		.2byte	0x1ab
ARM GAS  C:\Users\MICHAE~1.MAC\AppData\Local\Temp\ccdYMnG1.s 			page 18


 649 0319 2F030000 		.4byte	0x32f
 650 031d 1E       		.byte	0x1e
 651 031e 00       		.byte	0
 652 031f 06       		.uleb128 0x6
 653 0320 D5020000 		.4byte	0x2d5
 654 0324 2F030000 		.4byte	0x32f
 655 0328 07       		.uleb128 0x7
 656 0329 C8000000 		.4byte	0xc8
 657 032d 00       		.byte	0
 658 032e 00       		.byte	0
 659 032f 06       		.uleb128 0x6
 660 0330 D5020000 		.4byte	0x2d5
 661 0334 3F030000 		.4byte	0x33f
 662 0338 07       		.uleb128 0x7
 663 0339 C8000000 		.4byte	0xc8
 664 033d 04       		.byte	0x4
 665 033e 00       		.byte	0
 666 033f 04       		.uleb128 0x4
 667 0340 3D030000 		.4byte	.LASF42
 668 0344 04       		.byte	0x4
 669 0345 AC01     		.2byte	0x1ac
 670 0347 E1020000 		.4byte	0x2e1
 671 034b 0B       		.uleb128 0xb
 672 034c B0       		.byte	0xb0
 673 034d 04       		.byte	0x4
 674 034e B201     		.2byte	0x1b2
 675 0350 3F040000 		.4byte	0x43f
 676 0354 0A       		.uleb128 0xa
 677 0355 7F000000 		.4byte	.LASF43
 678 0359 04       		.byte	0x4
 679 035a B901     		.2byte	0x1b9
 680 035c 77000000 		.4byte	0x77
 681 0360 00       		.byte	0
 682 0361 0A       		.uleb128 0xa
 683 0362 81050000 		.4byte	.LASF44
 684 0366 04       		.byte	0x4
 685 0367 BE01     		.2byte	0x1be
 686 0369 77000000 		.4byte	0x77
 687 036d 02       		.byte	0x2
 688 036e 0A       		.uleb128 0xa
 689 036f 18040000 		.4byte	.LASF45
 690 0373 04       		.byte	0x4
 691 0374 C301     		.2byte	0x1c3
 692 0376 77000000 		.4byte	0x77
 693 037a 04       		.byte	0x4
 694 037b 0A       		.uleb128 0xa
 695 037c D5020000 		.4byte	.LASF46
 696 0380 04       		.byte	0x4
 697 0381 C901     		.2byte	0x1c9
 698 0383 77000000 		.4byte	0x77
 699 0387 06       		.byte	0x6
 700 0388 0A       		.uleb128 0xa
 701 0389 AF040000 		.4byte	.LASF47
 702 038d 04       		.byte	0x4
 703 038e CE01     		.2byte	0x1ce
 704 0390 77000000 		.4byte	0x77
 705 0394 08       		.byte	0x8
ARM GAS  C:\Users\MICHAE~1.MAC\AppData\Local\Temp\ccdYMnG1.s 			page 19


 706 0395 0A       		.uleb128 0xa
 707 0396 11040000 		.4byte	.LASF48
 708 039a 04       		.byte	0x4
 709 039b D301     		.2byte	0x1d3
 710 039d A4000000 		.4byte	0xa4
 711 03a1 0C       		.byte	0xc
 712 03a2 0A       		.uleb128 0xa
 713 03a3 AE030000 		.4byte	.LASF49
 714 03a7 04       		.byte	0x4
 715 03a8 D901     		.2byte	0x1d9
 716 03aa 3F040000 		.4byte	0x43f
 717 03ae 10       		.byte	0x10
 718 03af 0A       		.uleb128 0xa
 719 03b0 F6020000 		.4byte	.LASF50
 720 03b4 04       		.byte	0x4
 721 03b5 E001     		.2byte	0x1e0
 722 03b7 3F040000 		.4byte	0x43f
 723 03bb 14       		.byte	0x14
 724 03bc 0A       		.uleb128 0xa
 725 03bd A1050000 		.4byte	.LASF51
 726 03c1 04       		.byte	0x4
 727 03c2 F001     		.2byte	0x1f0
 728 03c4 4F040000 		.4byte	0x44f
 729 03c8 18       		.byte	0x18
 730 03c9 0A       		.uleb128 0xa
 731 03ca 23010000 		.4byte	.LASF52
 732 03ce 04       		.byte	0x4
 733 03cf F601     		.2byte	0x1f6
 734 03d1 77000000 		.4byte	0x77
 735 03d5 1C       		.byte	0x1c
 736 03d6 0A       		.uleb128 0xa
 737 03d7 A5040000 		.4byte	.LASF53
 738 03db 04       		.byte	0x4
 739 03dc FB01     		.2byte	0x1fb
 740 03de 6B000000 		.4byte	0x6b
 741 03e2 1E       		.byte	0x1e
 742 03e3 0A       		.uleb128 0xa
 743 03e4 43050000 		.4byte	.LASF54
 744 03e8 04       		.byte	0x4
 745 03e9 0002     		.2byte	0x200
 746 03eb 6B000000 		.4byte	0x6b
 747 03ef 1F       		.byte	0x1f
 748 03f0 0A       		.uleb128 0xa
 749 03f1 00000000 		.4byte	.LASF55
 750 03f5 04       		.byte	0x4
 751 03f6 0502     		.2byte	0x205
 752 03f8 61020000 		.4byte	0x261
 753 03fc 20       		.byte	0x20
 754 03fd 0A       		.uleb128 0xa
 755 03fe 9D040000 		.4byte	.LASF56
 756 0402 04       		.byte	0x4
 757 0403 0A02     		.2byte	0x20a
 758 0405 3F030000 		.4byte	0x33f
 759 0409 5A       		.byte	0x5a
 760 040a 0A       		.uleb128 0xa
 761 040b 56050000 		.4byte	.LASF57
 762 040f 04       		.byte	0x4
ARM GAS  C:\Users\MICHAE~1.MAC\AppData\Local\Temp\ccdYMnG1.s 			page 20


 763 0410 0F02     		.2byte	0x20f
 764 0412 6B000000 		.4byte	0x6b
 765 0416 AA       		.byte	0xaa
 766 0417 0A       		.uleb128 0xa
 767 0418 62020000 		.4byte	.LASF58
 768 041c 04       		.byte	0x4
 769 041d 1402     		.2byte	0x214
 770 041f 6B000000 		.4byte	0x6b
 771 0423 AB       		.byte	0xab
 772 0424 0A       		.uleb128 0xa
 773 0425 38040000 		.4byte	.LASF59
 774 0429 04       		.byte	0x4
 775 042a 1902     		.2byte	0x219
 776 042c 77000000 		.4byte	0x77
 777 0430 AC       		.byte	0xac
 778 0431 0A       		.uleb128 0xa
 779 0432 09000000 		.4byte	.LASF60
 780 0436 04       		.byte	0x4
 781 0437 1E02     		.2byte	0x21e
 782 0439 07020000 		.4byte	0x207
 783 043d AE       		.byte	0xae
 784 043e 00       		.byte	0
 785 043f 06       		.uleb128 0x6
 786 0440 83000000 		.4byte	0x83
 787 0444 4F040000 		.4byte	0x44f
 788 0448 07       		.uleb128 0x7
 789 0449 C8000000 		.4byte	0xc8
 790 044d 00       		.byte	0
 791 044e 00       		.byte	0
 792 044f 06       		.uleb128 0x6
 793 0450 6B000000 		.4byte	0x6b
 794 0454 5F040000 		.4byte	0x45f
 795 0458 07       		.uleb128 0x7
 796 0459 C8000000 		.4byte	0xc8
 797 045d 03       		.byte	0x3
 798 045e 00       		.byte	0
 799 045f 04       		.uleb128 0x4
 800 0460 C4040000 		.4byte	.LASF61
 801 0464 04       		.byte	0x4
 802 0465 1F02     		.2byte	0x21f
 803 0467 4B030000 		.4byte	0x34b
 804 046b 0D       		.uleb128 0xd
 805 046c 01       		.byte	0x1
 806 046d 2C000000 		.4byte	0x2c
 807 0471 01       		.byte	0x1
 808 0472 5D       		.byte	0x5d
 809 0473 8A040000 		.4byte	0x48a
 810 0477 0E       		.uleb128 0xe
 811 0478 28020000 		.4byte	.LASF62
 812 047c 01       		.byte	0x1
 813 047d 0E       		.uleb128 0xe
 814 047e 5B040000 		.4byte	.LASF63
 815 0482 02       		.byte	0x2
 816 0483 0E       		.uleb128 0xe
 817 0484 30030000 		.4byte	.LASF64
 818 0488 03       		.byte	0x3
 819 0489 00       		.byte	0
ARM GAS  C:\Users\MICHAE~1.MAC\AppData\Local\Temp\ccdYMnG1.s 			page 21


 820 048a 0F       		.uleb128 0xf
 821 048b E1050000 		.4byte	.LASF65
 822 048f 01       		.byte	0x1
 823 0490 61       		.byte	0x61
 824 0491 6B040000 		.4byte	0x46b
 825 0495 10       		.uleb128 0x10
 826 0496 F0010000 		.4byte	.LASF92
 827 049a 01       		.byte	0x1
 828 049b 1001     		.2byte	0x110
 829 049d 00000000 		.4byte	.LFB34
 830 04a1 A4000000 		.4byte	.LFE34-.LFB34
 831 04a5 01       		.uleb128 0x1
 832 04a6 9C       		.byte	0x9c
 833 04a7 23060000 		.4byte	0x623
 834 04ab 11       		.uleb128 0x11
 835 04ac 89020000 		.4byte	.LASF66
 836 04b0 01       		.byte	0x1
 837 04b1 1201     		.2byte	0x112
 838 04b3 83000000 		.4byte	0x83
 839 04b7 00000000 		.4byte	.LLST0
 840 04bb 12       		.uleb128 0x12
 841 04bc 08000000 		.4byte	.LVL0
 842 04c0 DE060000 		.4byte	0x6de
 843 04c4 CE040000 		.4byte	0x4ce
 844 04c8 13       		.uleb128 0x13
 845 04c9 01       		.uleb128 0x1
 846 04ca 50       		.byte	0x50
 847 04cb 01       		.uleb128 0x1
 848 04cc 33       		.byte	0x33
 849 04cd 00       		.byte	0
 850 04ce 12       		.uleb128 0x12
 851 04cf 10000000 		.4byte	.LVL3
 852 04d3 EA060000 		.4byte	0x6ea
 853 04d7 E1040000 		.4byte	0x4e1
 854 04db 13       		.uleb128 0x13
 855 04dc 01       		.uleb128 0x1
 856 04dd 50       		.byte	0x50
 857 04de 01       		.uleb128 0x1
 858 04df 30       		.byte	0x30
 859 04e0 00       		.byte	0
 860 04e1 14       		.uleb128 0x14
 861 04e2 1A000000 		.4byte	.LVL4
 862 04e6 F6060000 		.4byte	0x6f6
 863 04ea 12       		.uleb128 0x12
 864 04eb 20000000 		.4byte	.LVL5
 865 04ef EA060000 		.4byte	0x6ea
 866 04f3 FD040000 		.4byte	0x4fd
 867 04f7 13       		.uleb128 0x13
 868 04f8 01       		.uleb128 0x1
 869 04f9 50       		.byte	0x50
 870 04fa 01       		.uleb128 0x1
 871 04fb 31       		.byte	0x31
 872 04fc 00       		.byte	0
 873 04fd 14       		.uleb128 0x14
 874 04fe 2A000000 		.4byte	.LVL6
 875 0502 01070000 		.4byte	0x701
 876 0506 12       		.uleb128 0x12
ARM GAS  C:\Users\MICHAE~1.MAC\AppData\Local\Temp\ccdYMnG1.s 			page 22


 877 0507 30000000 		.4byte	.LVL7
 878 050b EA060000 		.4byte	0x6ea
 879 050f 19050000 		.4byte	0x519
 880 0513 13       		.uleb128 0x13
 881 0514 01       		.uleb128 0x1
 882 0515 50       		.byte	0x50
 883 0516 01       		.uleb128 0x1
 884 0517 32       		.byte	0x32
 885 0518 00       		.byte	0
 886 0519 14       		.uleb128 0x14
 887 051a 3A000000 		.4byte	.LVL8
 888 051e 0C070000 		.4byte	0x70c
 889 0522 12       		.uleb128 0x12
 890 0523 40000000 		.4byte	.LVL9
 891 0527 EA060000 		.4byte	0x6ea
 892 052b 35050000 		.4byte	0x535
 893 052f 13       		.uleb128 0x13
 894 0530 01       		.uleb128 0x1
 895 0531 50       		.byte	0x50
 896 0532 01       		.uleb128 0x1
 897 0533 33       		.byte	0x33
 898 0534 00       		.byte	0
 899 0535 12       		.uleb128 0x12
 900 0536 4A000000 		.4byte	.LVL10
 901 053a 17070000 		.4byte	0x717
 902 053e 48050000 		.4byte	0x548
 903 0542 13       		.uleb128 0x13
 904 0543 01       		.uleb128 0x1
 905 0544 50       		.byte	0x50
 906 0545 01       		.uleb128 0x1
 907 0546 30       		.byte	0x30
 908 0547 00       		.byte	0
 909 0548 12       		.uleb128 0x12
 910 0549 5A000000 		.4byte	.LVL11
 911 054d 22070000 		.4byte	0x722
 912 0551 6B050000 		.4byte	0x56b
 913 0555 13       		.uleb128 0x13
 914 0556 01       		.uleb128 0x1
 915 0557 50       		.byte	0x50
 916 0558 11       		.uleb128 0x11
 917 0559 75       		.byte	0x75
 918 055a 00       		.sleb128 0
 919 055b 31       		.byte	0x31
 920 055c 24       		.byte	0x24
 921 055d 44       		.byte	0x44
 922 055e 40       		.byte	0x40
 923 055f 4B       		.byte	0x4b
 924 0560 24       		.byte	0x24
 925 0561 22       		.byte	0x22
 926 0562 74       		.byte	0x74
 927 0563 00       		.sleb128 0
 928 0564 40       		.byte	0x40
 929 0565 4B       		.byte	0x4b
 930 0566 24       		.byte	0x24
 931 0567 22       		.byte	0x22
 932 0568 2A       		.byte	0x2a
 933 0569 22       		.byte	0x22
ARM GAS  C:\Users\MICHAE~1.MAC\AppData\Local\Temp\ccdYMnG1.s 			page 23


 934 056a 00       		.byte	0
 935 056b 12       		.uleb128 0x12
 936 056c 68000000 		.4byte	.LVL12
 937 0570 2D070000 		.4byte	0x72d
 938 0574 8F050000 		.4byte	0x58f
 939 0578 13       		.uleb128 0x13
 940 0579 01       		.uleb128 0x1
 941 057a 50       		.byte	0x50
 942 057b 12       		.uleb128 0x12
 943 057c 75       		.byte	0x75
 944 057d 00       		.sleb128 0
 945 057e 31       		.byte	0x31
 946 057f 24       		.byte	0x24
 947 0580 08       		.byte	0x8
 948 0581 28       		.byte	0x28
 949 0582 40       		.byte	0x40
 950 0583 4B       		.byte	0x4b
 951 0584 24       		.byte	0x24
 952 0585 22       		.byte	0x22
 953 0586 74       		.byte	0x74
 954 0587 00       		.sleb128 0
 955 0588 40       		.byte	0x40
 956 0589 4B       		.byte	0x4b
 957 058a 24       		.byte	0x24
 958 058b 22       		.byte	0x22
 959 058c 2A       		.byte	0x2a
 960 058d 22       		.byte	0x22
 961 058e 00       		.byte	0
 962 058f 12       		.uleb128 0x12
 963 0590 76000000 		.4byte	.LVL13
 964 0594 38070000 		.4byte	0x738
 965 0598 B3050000 		.4byte	0x5b3
 966 059c 13       		.uleb128 0x13
 967 059d 01       		.uleb128 0x1
 968 059e 50       		.byte	0x50
 969 059f 12       		.uleb128 0x12
 970 05a0 75       		.byte	0x75
 971 05a1 00       		.sleb128 0
 972 05a2 31       		.byte	0x31
 973 05a3 24       		.byte	0x24
 974 05a4 08       		.byte	0x8
 975 05a5 3C       		.byte	0x3c
 976 05a6 40       		.byte	0x40
 977 05a7 4B       		.byte	0x4b
 978 05a8 24       		.byte	0x24
 979 05a9 22       		.byte	0x22
 980 05aa 74       		.byte	0x74
 981 05ab 00       		.sleb128 0
 982 05ac 40       		.byte	0x40
 983 05ad 4B       		.byte	0x4b
 984 05ae 24       		.byte	0x24
 985 05af 22       		.byte	0x22
 986 05b0 2A       		.byte	0x2a
 987 05b1 22       		.byte	0x22
 988 05b2 00       		.byte	0
 989 05b3 12       		.uleb128 0x12
 990 05b4 82000000 		.4byte	.LVL14
ARM GAS  C:\Users\MICHAE~1.MAC\AppData\Local\Temp\ccdYMnG1.s 			page 24


 991 05b8 43070000 		.4byte	0x743
 992 05bc C7050000 		.4byte	0x5c7
 993 05c0 13       		.uleb128 0x13
 994 05c1 01       		.uleb128 0x1
 995 05c2 50       		.byte	0x50
 996 05c3 02       		.uleb128 0x2
 997 05c4 75       		.byte	0x75
 998 05c5 00       		.sleb128 0
 999 05c6 00       		.byte	0
 1000 05c7 12       		.uleb128 0x12
 1001 05c8 8A000000 		.4byte	.LVL15
 1002 05cc 17070000 		.4byte	0x717
 1003 05d0 DA050000 		.4byte	0x5da
 1004 05d4 13       		.uleb128 0x13
 1005 05d5 01       		.uleb128 0x1
 1006 05d6 50       		.byte	0x50
 1007 05d7 01       		.uleb128 0x1
 1008 05d8 31       		.byte	0x31
 1009 05d9 00       		.byte	0
 1010 05da 12       		.uleb128 0x12
 1011 05db 90000000 		.4byte	.LVL16
 1012 05df 22070000 		.4byte	0x722
 1013 05e3 ED050000 		.4byte	0x5ed
 1014 05e7 13       		.uleb128 0x13
 1015 05e8 01       		.uleb128 0x1
 1016 05e9 50       		.byte	0x50
 1017 05ea 01       		.uleb128 0x1
 1018 05eb 31       		.byte	0x31
 1019 05ec 00       		.byte	0
 1020 05ed 12       		.uleb128 0x12
 1021 05ee 96000000 		.4byte	.LVL17
 1022 05f2 2D070000 		.4byte	0x72d
 1023 05f6 00060000 		.4byte	0x600
 1024 05fa 13       		.uleb128 0x13
 1025 05fb 01       		.uleb128 0x1
 1026 05fc 50       		.byte	0x50
 1027 05fd 01       		.uleb128 0x1
 1028 05fe 31       		.byte	0x31
 1029 05ff 00       		.byte	0
 1030 0600 12       		.uleb128 0x12
 1031 0601 9C000000 		.4byte	.LVL18
 1032 0605 38070000 		.4byte	0x738
 1033 0609 13060000 		.4byte	0x613
 1034 060d 13       		.uleb128 0x13
 1035 060e 01       		.uleb128 0x1
 1036 060f 50       		.byte	0x50
 1037 0610 01       		.uleb128 0x1
 1038 0611 31       		.byte	0x31
 1039 0612 00       		.byte	0
 1040 0613 15       		.uleb128 0x15
 1041 0614 A2000000 		.4byte	.LVL19
 1042 0618 43070000 		.4byte	0x743
 1043 061c 13       		.uleb128 0x13
 1044 061d 01       		.uleb128 0x1
 1045 061e 50       		.byte	0x50
 1046 061f 01       		.uleb128 0x1
 1047 0620 31       		.byte	0x31
ARM GAS  C:\Users\MICHAE~1.MAC\AppData\Local\Temp\ccdYMnG1.s 			page 25


 1048 0621 00       		.byte	0
 1049 0622 00       		.byte	0
 1050 0623 16       		.uleb128 0x16
 1051 0624 4B040000 		.4byte	.LASF93
 1052 0628 01       		.byte	0x1
 1053 0629 7D       		.byte	0x7d
 1054 062a 5D000000 		.4byte	0x5d
 1055 062e 00000000 		.4byte	.LFB33
 1056 0632 68000000 		.4byte	.LFE33-.LFB33
 1057 0636 01       		.uleb128 0x1
 1058 0637 9C       		.byte	0x9c
 1059 0638 D2060000 		.4byte	0x6d2
 1060 063c 17       		.uleb128 0x17
 1061 063d 1B020000 		.4byte	.LASF67
 1062 0641 01       		.byte	0x1
 1063 0642 8B       		.byte	0x8b
 1064 0643 8A040000 		.4byte	0x48a
 1065 0647 1E000000 		.4byte	.LLST1
 1066 064b 14       		.uleb128 0x14
 1067 064c 08000000 		.4byte	.LVL22
 1068 0650 4E070000 		.4byte	0x74e
 1069 0654 12       		.uleb128 0x12
 1070 0655 12000000 		.4byte	.LVL23
 1071 0659 59070000 		.4byte	0x759
 1072 065d 6E060000 		.4byte	0x66e
 1073 0661 13       		.uleb128 0x13
 1074 0662 01       		.uleb128 0x1
 1075 0663 50       		.byte	0x50
 1076 0664 02       		.uleb128 0x2
 1077 0665 08       		.byte	0x8
 1078 0666 B0       		.byte	0xb0
 1079 0667 13       		.uleb128 0x13
 1080 0668 01       		.uleb128 0x1
 1081 0669 51       		.byte	0x51
 1082 066a 02       		.uleb128 0x2
 1083 066b 08       		.byte	0x8
 1084 066c B0       		.byte	0xb0
 1085 066d 00       		.byte	0
 1086 066e 14       		.uleb128 0x14
 1087 066f 16000000 		.4byte	.LVL24
 1088 0673 64070000 		.4byte	0x764
 1089 0677 14       		.uleb128 0x14
 1090 0678 1A000000 		.4byte	.LVL25
 1091 067c 6F070000 		.4byte	0x76f
 1092 0680 14       		.uleb128 0x14
 1093 0681 1E000000 		.4byte	.LVL26
 1094 0685 7B070000 		.4byte	0x77b
 1095 0689 14       		.uleb128 0x14
 1096 068a 22000000 		.4byte	.LVL27
 1097 068e 87070000 		.4byte	0x787
 1098 0692 14       		.uleb128 0x14
 1099 0693 38000000 		.4byte	.LVL30
 1100 0697 92070000 		.4byte	0x792
 1101 069b 14       		.uleb128 0x14
 1102 069c 40000000 		.4byte	.LVL31
 1103 06a0 9D070000 		.4byte	0x79d
 1104 06a4 14       		.uleb128 0x14
ARM GAS  C:\Users\MICHAE~1.MAC\AppData\Local\Temp\ccdYMnG1.s 			page 26


 1105 06a5 44000000 		.4byte	.LVL32
 1106 06a9 A8070000 		.4byte	0x7a8
 1107 06ad 14       		.uleb128 0x14
 1108 06ae 4C000000 		.4byte	.LVL34
 1109 06b2 92070000 		.4byte	0x792
 1110 06b6 14       		.uleb128 0x14
 1111 06b7 54000000 		.4byte	.LVL35
 1112 06bb B3070000 		.4byte	0x7b3
 1113 06bf 14       		.uleb128 0x14
 1114 06c0 5A000000 		.4byte	.LVL36
 1115 06c4 BE070000 		.4byte	0x7be
 1116 06c8 14       		.uleb128 0x14
 1117 06c9 5E000000 		.4byte	.LVL37
 1118 06cd 95040000 		.4byte	0x495
 1119 06d1 00       		.byte	0
 1120 06d2 18       		.uleb128 0x18
 1121 06d3 99020000 		.4byte	.LASF94
 1122 06d7 04       		.byte	0x4
 1123 06d8 8804     		.2byte	0x488
 1124 06da 5F040000 		.4byte	0x45f
 1125 06de 19       		.uleb128 0x19
 1126 06df 20040000 		.4byte	.LASF68
 1127 06e3 20040000 		.4byte	.LASF68
 1128 06e7 04       		.byte	0x4
 1129 06e8 B404     		.2byte	0x4b4
 1130 06ea 19       		.uleb128 0x19
 1131 06eb AB050000 		.4byte	.LASF69
 1132 06ef AB050000 		.4byte	.LASF69
 1133 06f3 04       		.byte	0x4
 1134 06f4 A204     		.2byte	0x4a2
 1135 06f6 1A       		.uleb128 0x1a
 1136 06f7 50040000 		.4byte	.LASF70
 1137 06fb 50040000 		.4byte	.LASF70
 1138 06ff 05       		.byte	0x5
 1139 0700 33       		.byte	0x33
 1140 0701 1A       		.uleb128 0x1a
 1141 0702 95050000 		.4byte	.LASF71
 1142 0706 95050000 		.4byte	.LASF71
 1143 070a 06       		.byte	0x6
 1144 070b 33       		.byte	0x33
 1145 070c 1A       		.uleb128 0x1a
 1146 070d 0C030000 		.4byte	.LASF72
 1147 0711 0C030000 		.4byte	.LASF72
 1148 0715 07       		.byte	0x7
 1149 0716 33       		.byte	0x33
 1150 0717 1A       		.uleb128 0x1a
 1151 0718 8A050000 		.4byte	.LASF73
 1152 071c 8A050000 		.4byte	.LASF73
 1153 0720 08       		.byte	0x8
 1154 0721 33       		.byte	0x33
 1155 0722 1A       		.uleb128 0x1a
 1156 0723 01030000 		.4byte	.LASF74
 1157 0727 01030000 		.4byte	.LASF74
 1158 072b 09       		.byte	0x9
 1159 072c 33       		.byte	0x33
 1160 072d 1A       		.uleb128 0x1a
 1161 072e 19000000 		.4byte	.LASF75
ARM GAS  C:\Users\MICHAE~1.MAC\AppData\Local\Temp\ccdYMnG1.s 			page 27


 1162 0732 19000000 		.4byte	.LASF75
 1163 0736 0A       		.byte	0xa
 1164 0737 33       		.byte	0x33
 1165 0738 1A       		.uleb128 0x1a
 1166 0739 8D030000 		.4byte	.LASF76
 1167 073d 8D030000 		.4byte	.LASF76
 1168 0741 0B       		.byte	0xb
 1169 0742 33       		.byte	0x33
 1170 0743 1A       		.uleb128 0x1a
 1171 0744 6F000000 		.4byte	.LASF77
 1172 0748 6F000000 		.4byte	.LASF77
 1173 074c 0C       		.byte	0xc
 1174 074d 33       		.byte	0x33
 1175 074e 1A       		.uleb128 0x1a
 1176 074f EA020000 		.4byte	.LASF78
 1177 0753 EA020000 		.4byte	.LASF78
 1178 0757 0D       		.byte	0xd
 1179 0758 72       		.byte	0x72
 1180 0759 1A       		.uleb128 0x1a
 1181 075a 98030000 		.4byte	.LASF79
 1182 075e 98030000 		.4byte	.LASF79
 1183 0762 0E       		.byte	0xe
 1184 0763 A2       		.byte	0xa2
 1185 0764 1A       		.uleb128 0x1a
 1186 0765 71030000 		.4byte	.LASF80
 1187 0769 71030000 		.4byte	.LASF80
 1188 076d 0F       		.byte	0xf
 1189 076e 3B       		.byte	0x3b
 1190 076f 19       		.uleb128 0x19
 1191 0770 90040000 		.4byte	.LASF81
 1192 0774 90040000 		.4byte	.LASF81
 1193 0778 10       		.byte	0x10
 1194 0779 3201     		.2byte	0x132
 1195 077b 19       		.uleb128 0x19
 1196 077c 36050000 		.4byte	.LASF82
 1197 0780 36050000 		.4byte	.LASF82
 1198 0784 11       		.byte	0x11
 1199 0785 3201     		.2byte	0x132
 1200 0787 1A       		.uleb128 0x1a
 1201 0788 C1020000 		.4byte	.LASF83
 1202 078c C1020000 		.4byte	.LASF83
 1203 0790 12       		.byte	0x12
 1204 0791 2C       		.byte	0x2c
 1205 0792 1A       		.uleb128 0x1a
 1206 0793 1D050000 		.4byte	.LASF84
 1207 0797 1D050000 		.4byte	.LASF84
 1208 079b 13       		.byte	0x13
 1209 079c 4C       		.byte	0x4c
 1210 079d 1A       		.uleb128 0x1a
 1211 079e 03020000 		.4byte	.LASF85
 1212 07a2 03020000 		.4byte	.LASF85
 1213 07a6 14       		.byte	0x14
 1214 07a7 49       		.byte	0x49
 1215 07a8 1A       		.uleb128 0x1a
 1216 07a9 C6030000 		.4byte	.LASF86
 1217 07ad C6030000 		.4byte	.LASF86
 1218 07b1 13       		.byte	0x13
ARM GAS  C:\Users\MICHAE~1.MAC\AppData\Local\Temp\ccdYMnG1.s 			page 28


 1219 07b2 4B       		.byte	0x4b
 1220 07b3 1A       		.uleb128 0x1a
 1221 07b4 B9030000 		.4byte	.LASF87
 1222 07b8 B9030000 		.4byte	.LASF87
 1223 07bc 15       		.byte	0x15
 1224 07bd 56       		.byte	0x56
 1225 07be 1A       		.uleb128 0x1a
 1226 07bf 66050000 		.4byte	.LASF88
 1227 07c3 66050000 		.4byte	.LASF88
 1228 07c7 0F       		.byte	0xf
 1229 07c8 3F       		.byte	0x3f
 1230 07c9 00       		.byte	0
 1231              		.section	.debug_abbrev,"",%progbits
 1232              	.Ldebug_abbrev0:
 1233 0000 01       		.uleb128 0x1
 1234 0001 11       		.uleb128 0x11
 1235 0002 01       		.byte	0x1
 1236 0003 25       		.uleb128 0x25
 1237 0004 0E       		.uleb128 0xe
 1238 0005 13       		.uleb128 0x13
 1239 0006 0B       		.uleb128 0xb
 1240 0007 03       		.uleb128 0x3
 1241 0008 0E       		.uleb128 0xe
 1242 0009 1B       		.uleb128 0x1b
 1243 000a 0E       		.uleb128 0xe
 1244 000b 55       		.uleb128 0x55
 1245 000c 17       		.uleb128 0x17
 1246 000d 11       		.uleb128 0x11
 1247 000e 01       		.uleb128 0x1
 1248 000f 10       		.uleb128 0x10
 1249 0010 17       		.uleb128 0x17
 1250 0011 00       		.byte	0
 1251 0012 00       		.byte	0
 1252 0013 02       		.uleb128 0x2
 1253 0014 24       		.uleb128 0x24
 1254 0015 00       		.byte	0
 1255 0016 0B       		.uleb128 0xb
 1256 0017 0B       		.uleb128 0xb
 1257 0018 3E       		.uleb128 0x3e
 1258 0019 0B       		.uleb128 0xb
 1259 001a 03       		.uleb128 0x3
 1260 001b 0E       		.uleb128 0xe
 1261 001c 00       		.byte	0
 1262 001d 00       		.byte	0
 1263 001e 03       		.uleb128 0x3
 1264 001f 24       		.uleb128 0x24
 1265 0020 00       		.byte	0
 1266 0021 0B       		.uleb128 0xb
 1267 0022 0B       		.uleb128 0xb
 1268 0023 3E       		.uleb128 0x3e
 1269 0024 0B       		.uleb128 0xb
 1270 0025 03       		.uleb128 0x3
 1271 0026 08       		.uleb128 0x8
 1272 0027 00       		.byte	0
 1273 0028 00       		.byte	0
 1274 0029 04       		.uleb128 0x4
 1275 002a 16       		.uleb128 0x16
ARM GAS  C:\Users\MICHAE~1.MAC\AppData\Local\Temp\ccdYMnG1.s 			page 29


 1276 002b 00       		.byte	0
 1277 002c 03       		.uleb128 0x3
 1278 002d 0E       		.uleb128 0xe
 1279 002e 3A       		.uleb128 0x3a
 1280 002f 0B       		.uleb128 0xb
 1281 0030 3B       		.uleb128 0x3b
 1282 0031 05       		.uleb128 0x5
 1283 0032 49       		.uleb128 0x49
 1284 0033 13       		.uleb128 0x13
 1285 0034 00       		.byte	0
 1286 0035 00       		.byte	0
 1287 0036 05       		.uleb128 0x5
 1288 0037 35       		.uleb128 0x35
 1289 0038 00       		.byte	0
 1290 0039 49       		.uleb128 0x49
 1291 003a 13       		.uleb128 0x13
 1292 003b 00       		.byte	0
 1293 003c 00       		.byte	0
 1294 003d 06       		.uleb128 0x6
 1295 003e 01       		.uleb128 0x1
 1296 003f 01       		.byte	0x1
 1297 0040 49       		.uleb128 0x49
 1298 0041 13       		.uleb128 0x13
 1299 0042 01       		.uleb128 0x1
 1300 0043 13       		.uleb128 0x13
 1301 0044 00       		.byte	0
 1302 0045 00       		.byte	0
 1303 0046 07       		.uleb128 0x7
 1304 0047 21       		.uleb128 0x21
 1305 0048 00       		.byte	0
 1306 0049 49       		.uleb128 0x49
 1307 004a 13       		.uleb128 0x13
 1308 004b 2F       		.uleb128 0x2f
 1309 004c 0B       		.uleb128 0xb
 1310 004d 00       		.byte	0
 1311 004e 00       		.byte	0
 1312 004f 08       		.uleb128 0x8
 1313 0050 13       		.uleb128 0x13
 1314 0051 01       		.byte	0x1
 1315 0052 0B       		.uleb128 0xb
 1316 0053 0B       		.uleb128 0xb
 1317 0054 3A       		.uleb128 0x3a
 1318 0055 0B       		.uleb128 0xb
 1319 0056 3B       		.uleb128 0x3b
 1320 0057 0B       		.uleb128 0xb
 1321 0058 01       		.uleb128 0x1
 1322 0059 13       		.uleb128 0x13
 1323 005a 00       		.byte	0
 1324 005b 00       		.byte	0
 1325 005c 09       		.uleb128 0x9
 1326 005d 0D       		.uleb128 0xd
 1327 005e 00       		.byte	0
 1328 005f 03       		.uleb128 0x3
 1329 0060 0E       		.uleb128 0xe
 1330 0061 3A       		.uleb128 0x3a
 1331 0062 0B       		.uleb128 0xb
 1332 0063 3B       		.uleb128 0x3b
ARM GAS  C:\Users\MICHAE~1.MAC\AppData\Local\Temp\ccdYMnG1.s 			page 30


 1333 0064 0B       		.uleb128 0xb
 1334 0065 49       		.uleb128 0x49
 1335 0066 13       		.uleb128 0x13
 1336 0067 38       		.uleb128 0x38
 1337 0068 0B       		.uleb128 0xb
 1338 0069 00       		.byte	0
 1339 006a 00       		.byte	0
 1340 006b 0A       		.uleb128 0xa
 1341 006c 0D       		.uleb128 0xd
 1342 006d 00       		.byte	0
 1343 006e 03       		.uleb128 0x3
 1344 006f 0E       		.uleb128 0xe
 1345 0070 3A       		.uleb128 0x3a
 1346 0071 0B       		.uleb128 0xb
 1347 0072 3B       		.uleb128 0x3b
 1348 0073 05       		.uleb128 0x5
 1349 0074 49       		.uleb128 0x49
 1350 0075 13       		.uleb128 0x13
 1351 0076 38       		.uleb128 0x38
 1352 0077 0B       		.uleb128 0xb
 1353 0078 00       		.byte	0
 1354 0079 00       		.byte	0
 1355 007a 0B       		.uleb128 0xb
 1356 007b 13       		.uleb128 0x13
 1357 007c 01       		.byte	0x1
 1358 007d 0B       		.uleb128 0xb
 1359 007e 0B       		.uleb128 0xb
 1360 007f 3A       		.uleb128 0x3a
 1361 0080 0B       		.uleb128 0xb
 1362 0081 3B       		.uleb128 0x3b
 1363 0082 05       		.uleb128 0x5
 1364 0083 01       		.uleb128 0x1
 1365 0084 13       		.uleb128 0x13
 1366 0085 00       		.byte	0
 1367 0086 00       		.byte	0
 1368 0087 0C       		.uleb128 0xc
 1369 0088 0D       		.uleb128 0xd
 1370 0089 00       		.byte	0
 1371 008a 03       		.uleb128 0x3
 1372 008b 08       		.uleb128 0x8
 1373 008c 3A       		.uleb128 0x3a
 1374 008d 0B       		.uleb128 0xb
 1375 008e 3B       		.uleb128 0x3b
 1376 008f 05       		.uleb128 0x5
 1377 0090 49       		.uleb128 0x49
 1378 0091 13       		.uleb128 0x13
 1379 0092 38       		.uleb128 0x38
 1380 0093 0B       		.uleb128 0xb
 1381 0094 00       		.byte	0
 1382 0095 00       		.byte	0
 1383 0096 0D       		.uleb128 0xd
 1384 0097 04       		.uleb128 0x4
 1385 0098 01       		.byte	0x1
 1386 0099 0B       		.uleb128 0xb
 1387 009a 0B       		.uleb128 0xb
 1388 009b 49       		.uleb128 0x49
 1389 009c 13       		.uleb128 0x13
ARM GAS  C:\Users\MICHAE~1.MAC\AppData\Local\Temp\ccdYMnG1.s 			page 31


 1390 009d 3A       		.uleb128 0x3a
 1391 009e 0B       		.uleb128 0xb
 1392 009f 3B       		.uleb128 0x3b
 1393 00a0 0B       		.uleb128 0xb
 1394 00a1 01       		.uleb128 0x1
 1395 00a2 13       		.uleb128 0x13
 1396 00a3 00       		.byte	0
 1397 00a4 00       		.byte	0
 1398 00a5 0E       		.uleb128 0xe
 1399 00a6 28       		.uleb128 0x28
 1400 00a7 00       		.byte	0
 1401 00a8 03       		.uleb128 0x3
 1402 00a9 0E       		.uleb128 0xe
 1403 00aa 1C       		.uleb128 0x1c
 1404 00ab 0B       		.uleb128 0xb
 1405 00ac 00       		.byte	0
 1406 00ad 00       		.byte	0
 1407 00ae 0F       		.uleb128 0xf
 1408 00af 16       		.uleb128 0x16
 1409 00b0 00       		.byte	0
 1410 00b1 03       		.uleb128 0x3
 1411 00b2 0E       		.uleb128 0xe
 1412 00b3 3A       		.uleb128 0x3a
 1413 00b4 0B       		.uleb128 0xb
 1414 00b5 3B       		.uleb128 0x3b
 1415 00b6 0B       		.uleb128 0xb
 1416 00b7 49       		.uleb128 0x49
 1417 00b8 13       		.uleb128 0x13
 1418 00b9 00       		.byte	0
 1419 00ba 00       		.byte	0
 1420 00bb 10       		.uleb128 0x10
 1421 00bc 2E       		.uleb128 0x2e
 1422 00bd 01       		.byte	0x1
 1423 00be 3F       		.uleb128 0x3f
 1424 00bf 19       		.uleb128 0x19
 1425 00c0 03       		.uleb128 0x3
 1426 00c1 0E       		.uleb128 0xe
 1427 00c2 3A       		.uleb128 0x3a
 1428 00c3 0B       		.uleb128 0xb
 1429 00c4 3B       		.uleb128 0x3b
 1430 00c5 05       		.uleb128 0x5
 1431 00c6 27       		.uleb128 0x27
 1432 00c7 19       		.uleb128 0x19
 1433 00c8 11       		.uleb128 0x11
 1434 00c9 01       		.uleb128 0x1
 1435 00ca 12       		.uleb128 0x12
 1436 00cb 06       		.uleb128 0x6
 1437 00cc 40       		.uleb128 0x40
 1438 00cd 18       		.uleb128 0x18
 1439 00ce 9742     		.uleb128 0x2117
 1440 00d0 19       		.uleb128 0x19
 1441 00d1 01       		.uleb128 0x1
 1442 00d2 13       		.uleb128 0x13
 1443 00d3 00       		.byte	0
 1444 00d4 00       		.byte	0
 1445 00d5 11       		.uleb128 0x11
 1446 00d6 34       		.uleb128 0x34
ARM GAS  C:\Users\MICHAE~1.MAC\AppData\Local\Temp\ccdYMnG1.s 			page 32


 1447 00d7 00       		.byte	0
 1448 00d8 03       		.uleb128 0x3
 1449 00d9 0E       		.uleb128 0xe
 1450 00da 3A       		.uleb128 0x3a
 1451 00db 0B       		.uleb128 0xb
 1452 00dc 3B       		.uleb128 0x3b
 1453 00dd 05       		.uleb128 0x5
 1454 00de 49       		.uleb128 0x49
 1455 00df 13       		.uleb128 0x13
 1456 00e0 02       		.uleb128 0x2
 1457 00e1 17       		.uleb128 0x17
 1458 00e2 00       		.byte	0
 1459 00e3 00       		.byte	0
 1460 00e4 12       		.uleb128 0x12
 1461 00e5 898201   		.uleb128 0x4109
 1462 00e8 01       		.byte	0x1
 1463 00e9 11       		.uleb128 0x11
 1464 00ea 01       		.uleb128 0x1
 1465 00eb 31       		.uleb128 0x31
 1466 00ec 13       		.uleb128 0x13
 1467 00ed 01       		.uleb128 0x1
 1468 00ee 13       		.uleb128 0x13
 1469 00ef 00       		.byte	0
 1470 00f0 00       		.byte	0
 1471 00f1 13       		.uleb128 0x13
 1472 00f2 8A8201   		.uleb128 0x410a
 1473 00f5 00       		.byte	0
 1474 00f6 02       		.uleb128 0x2
 1475 00f7 18       		.uleb128 0x18
 1476 00f8 9142     		.uleb128 0x2111
 1477 00fa 18       		.uleb128 0x18
 1478 00fb 00       		.byte	0
 1479 00fc 00       		.byte	0
 1480 00fd 14       		.uleb128 0x14
 1481 00fe 898201   		.uleb128 0x4109
 1482 0101 00       		.byte	0
 1483 0102 11       		.uleb128 0x11
 1484 0103 01       		.uleb128 0x1
 1485 0104 31       		.uleb128 0x31
 1486 0105 13       		.uleb128 0x13
 1487 0106 00       		.byte	0
 1488 0107 00       		.byte	0
 1489 0108 15       		.uleb128 0x15
 1490 0109 898201   		.uleb128 0x4109
 1491 010c 01       		.byte	0x1
 1492 010d 11       		.uleb128 0x11
 1493 010e 01       		.uleb128 0x1
 1494 010f 31       		.uleb128 0x31
 1495 0110 13       		.uleb128 0x13
 1496 0111 00       		.byte	0
 1497 0112 00       		.byte	0
 1498 0113 16       		.uleb128 0x16
 1499 0114 2E       		.uleb128 0x2e
 1500 0115 01       		.byte	0x1
 1501 0116 3F       		.uleb128 0x3f
 1502 0117 19       		.uleb128 0x19
 1503 0118 03       		.uleb128 0x3
ARM GAS  C:\Users\MICHAE~1.MAC\AppData\Local\Temp\ccdYMnG1.s 			page 33


 1504 0119 0E       		.uleb128 0xe
 1505 011a 3A       		.uleb128 0x3a
 1506 011b 0B       		.uleb128 0xb
 1507 011c 3B       		.uleb128 0x3b
 1508 011d 0B       		.uleb128 0xb
 1509 011e 49       		.uleb128 0x49
 1510 011f 13       		.uleb128 0x13
 1511 0120 8701     		.uleb128 0x87
 1512 0122 19       		.uleb128 0x19
 1513 0123 11       		.uleb128 0x11
 1514 0124 01       		.uleb128 0x1
 1515 0125 12       		.uleb128 0x12
 1516 0126 06       		.uleb128 0x6
 1517 0127 40       		.uleb128 0x40
 1518 0128 18       		.uleb128 0x18
 1519 0129 9742     		.uleb128 0x2117
 1520 012b 19       		.uleb128 0x19
 1521 012c 01       		.uleb128 0x1
 1522 012d 13       		.uleb128 0x13
 1523 012e 00       		.byte	0
 1524 012f 00       		.byte	0
 1525 0130 17       		.uleb128 0x17
 1526 0131 34       		.uleb128 0x34
 1527 0132 00       		.byte	0
 1528 0133 03       		.uleb128 0x3
 1529 0134 0E       		.uleb128 0xe
 1530 0135 3A       		.uleb128 0x3a
 1531 0136 0B       		.uleb128 0xb
 1532 0137 3B       		.uleb128 0x3b
 1533 0138 0B       		.uleb128 0xb
 1534 0139 49       		.uleb128 0x49
 1535 013a 13       		.uleb128 0x13
 1536 013b 02       		.uleb128 0x2
 1537 013c 17       		.uleb128 0x17
 1538 013d 00       		.byte	0
 1539 013e 00       		.byte	0
 1540 013f 18       		.uleb128 0x18
 1541 0140 34       		.uleb128 0x34
 1542 0141 00       		.byte	0
 1543 0142 03       		.uleb128 0x3
 1544 0143 0E       		.uleb128 0xe
 1545 0144 3A       		.uleb128 0x3a
 1546 0145 0B       		.uleb128 0xb
 1547 0146 3B       		.uleb128 0x3b
 1548 0147 05       		.uleb128 0x5
 1549 0148 49       		.uleb128 0x49
 1550 0149 13       		.uleb128 0x13
 1551 014a 3F       		.uleb128 0x3f
 1552 014b 19       		.uleb128 0x19
 1553 014c 3C       		.uleb128 0x3c
 1554 014d 19       		.uleb128 0x19
 1555 014e 00       		.byte	0
 1556 014f 00       		.byte	0
 1557 0150 19       		.uleb128 0x19
 1558 0151 2E       		.uleb128 0x2e
 1559 0152 00       		.byte	0
 1560 0153 3F       		.uleb128 0x3f
ARM GAS  C:\Users\MICHAE~1.MAC\AppData\Local\Temp\ccdYMnG1.s 			page 34


 1561 0154 19       		.uleb128 0x19
 1562 0155 3C       		.uleb128 0x3c
 1563 0156 19       		.uleb128 0x19
 1564 0157 6E       		.uleb128 0x6e
 1565 0158 0E       		.uleb128 0xe
 1566 0159 03       		.uleb128 0x3
 1567 015a 0E       		.uleb128 0xe
 1568 015b 3A       		.uleb128 0x3a
 1569 015c 0B       		.uleb128 0xb
 1570 015d 3B       		.uleb128 0x3b
 1571 015e 05       		.uleb128 0x5
 1572 015f 00       		.byte	0
 1573 0160 00       		.byte	0
 1574 0161 1A       		.uleb128 0x1a
 1575 0162 2E       		.uleb128 0x2e
 1576 0163 00       		.byte	0
 1577 0164 3F       		.uleb128 0x3f
 1578 0165 19       		.uleb128 0x19
 1579 0166 3C       		.uleb128 0x3c
 1580 0167 19       		.uleb128 0x19
 1581 0168 6E       		.uleb128 0x6e
 1582 0169 0E       		.uleb128 0xe
 1583 016a 03       		.uleb128 0x3
 1584 016b 0E       		.uleb128 0xe
 1585 016c 3A       		.uleb128 0x3a
 1586 016d 0B       		.uleb128 0xb
 1587 016e 3B       		.uleb128 0x3b
 1588 016f 0B       		.uleb128 0xb
 1589 0170 00       		.byte	0
 1590 0171 00       		.byte	0
 1591 0172 00       		.byte	0
 1592              		.section	.debug_loc,"",%progbits
 1593              	.Ldebug_loc0:
 1594              	.LLST0:
 1595 0000 0A000000 		.4byte	.LVL1
 1596 0004 0C000000 		.4byte	.LVL2
 1597 0008 0100     		.2byte	0x1
 1598 000a 50       		.byte	0x50
 1599 000b 0C000000 		.4byte	.LVL2
 1600 000f A2000000 		.4byte	.LVL20
 1601 0013 0100     		.2byte	0x1
 1602 0015 54       		.byte	0x54
 1603 0016 00000000 		.4byte	0
 1604 001a 00000000 		.4byte	0
 1605              	.LLST1:
 1606 001e 02000000 		.4byte	.LVL21
 1607 0022 26000000 		.4byte	.LVL28
 1608 0026 0200     		.2byte	0x2
 1609 0028 31       		.byte	0x31
 1610 0029 9F       		.byte	0x9f
 1611 002a 26000000 		.4byte	.LVL28
 1612 002e 44000000 		.4byte	.LVL32
 1613 0032 0100     		.2byte	0x1
 1614 0034 54       		.byte	0x54
 1615 0035 44000000 		.4byte	.LVL32
 1616 0039 48000000 		.4byte	.LVL33
 1617 003d 0200     		.2byte	0x2
ARM GAS  C:\Users\MICHAE~1.MAC\AppData\Local\Temp\ccdYMnG1.s 			page 35


 1618 003f 32       		.byte	0x32
 1619 0040 9F       		.byte	0x9f
 1620 0041 48000000 		.4byte	.LVL33
 1621 0045 5E000000 		.4byte	.LVL37
 1622 0049 0100     		.2byte	0x1
 1623 004b 54       		.byte	0x54
 1624 004c 5E000000 		.4byte	.LVL37
 1625 0050 68000000 		.4byte	.LFE33
 1626 0054 0200     		.2byte	0x2
 1627 0056 31       		.byte	0x31
 1628 0057 9F       		.byte	0x9f
 1629 0058 00000000 		.4byte	0
 1630 005c 00000000 		.4byte	0
 1631              		.section	.debug_aranges,"",%progbits
 1632 0000 24000000 		.4byte	0x24
 1633 0004 0200     		.2byte	0x2
 1634 0006 00000000 		.4byte	.Ldebug_info0
 1635 000a 04       		.byte	0x4
 1636 000b 00       		.byte	0
 1637 000c 0000     		.2byte	0
 1638 000e 0000     		.2byte	0
 1639 0010 00000000 		.4byte	.LFB34
 1640 0014 A4000000 		.4byte	.LFE34-.LFB34
 1641 0018 00000000 		.4byte	.LFB33
 1642 001c 68000000 		.4byte	.LFE33-.LFB33
 1643 0020 00000000 		.4byte	0
 1644 0024 00000000 		.4byte	0
 1645              		.section	.debug_ranges,"",%progbits
 1646              	.Ldebug_ranges0:
 1647 0000 00000000 		.4byte	.LFB34
 1648 0004 A4000000 		.4byte	.LFE34
 1649 0008 00000000 		.4byte	.LFB33
 1650 000c 68000000 		.4byte	.LFE33
 1651 0010 00000000 		.4byte	0
 1652 0014 00000000 		.4byte	0
 1653              		.section	.debug_line,"",%progbits
 1654              	.Ldebug_line0:
 1655 0000 B1010000 		.section	.debug_str,"MS",%progbits,1
 1655      02005801 
 1655      00000201 
 1655      FB0E0D00 
 1655      01010101 
 1656              	.LASF55:
 1657 0000 77646774 		.ascii	"wdgtList\000"
 1657      4C697374 
 1657      00
 1658              	.LASF60:
 1659 0009 736E7254 		.ascii	"snrTestRawCount\000"
 1659      65737452 
 1659      6177436F 
 1659      756E7400 
 1660              	.LASF75:
 1661 0019 4C454436 		.ascii	"LED6_Write\000"
 1661      5F577269 
 1661      746500
 1662              	.LASF25:
 1663 0024 6C6F7742 		.ascii	"lowBslnRst\000"
ARM GAS  C:\Users\MICHAE~1.MAC\AppData\Local\Temp\ccdYMnG1.s 			page 36


 1663      736C6E52 
 1663      737400
 1664              	.LASF38:
 1665 002f 64696666 		.ascii	"diff\000"
 1665      00
 1666              	.LASF26:
 1667 0034 69646163 		.ascii	"idacMod\000"
 1667      4D6F6400 
 1668              	.LASF2:
 1669 003c 73686F72 		.ascii	"short int\000"
 1669      7420696E 
 1669      7400
 1670              	.LASF29:
 1671 0046 43617053 		.ascii	"CapSense_RAM_WD_BUTTON_STRUCT\000"
 1671      656E7365 
 1671      5F52414D 
 1671      5F57445F 
 1671      42555454 
 1672              	.LASF24:
 1673 0064 6F6E4465 		.ascii	"onDebounce\000"
 1673      626F756E 
 1673      636500
 1674              	.LASF77:
 1675 006f 4C454438 		.ascii	"LED8_Write\000"
 1675      5F577269 
 1675      746500
 1676              	.LASF36:
 1677 007a 62736C6E 		.ascii	"bsln\000"
 1677      00
 1678              	.LASF43:
 1679 007f 636F6E66 		.ascii	"configId\000"
 1679      69674964 
 1679      00
 1680              	.LASF89:
 1681 0088 474E5520 		.ascii	"GNU C11 5.4.1 20160609 (release) [ARM/embedded-5-br"
 1681      43313120 
 1681      352E342E 
 1681      31203230 
 1681      31363036 
 1682 00bb 616E6368 		.ascii	"anch revision 237715] -mcpu=cortex-m0plus -mthumb -"
 1682      20726576 
 1682      6973696F 
 1682      6E203233 
 1682      37373135 
 1683 00ee 67202D4F 		.ascii	"g -Og -ffunction-sections -ffat-lto-objects\000"
 1683      67202D66 
 1683      66756E63 
 1683      74696F6E 
 1683      2D736563 
 1684              	.LASF40:
 1685 011a 69646163 		.ascii	"idacComp\000"
 1685      436F6D70 
 1685      00
 1686              	.LASF52:
 1687 0123 63736430 		.ascii	"csd0Config\000"
 1687      436F6E66 
 1687      696700
ARM GAS  C:\Users\MICHAE~1.MAC\AppData\Local\Temp\ccdYMnG1.s 			page 37


 1688              	.LASF6:
 1689 012e 6C6F6E67 		.ascii	"long long int\000"
 1689      206C6F6E 
 1689      6720696E 
 1689      7400
 1690              	.LASF91:
 1691 013c 433A5C55 		.ascii	"C:\\Users\\michael.machate\\Desktop\\CY8CKIT-145 Co"
 1691      73657273 
 1691      5C6D6963 
 1691      6861656C 
 1691      2E6D6163 
 1692 016b 64652045 		.ascii	"de Example\\CE210709_CapSense_Linear_Slider_and_But"
 1692      78616D70 
 1692      6C655C43 
 1692      45323130 
 1692      3730395F 
 1693 019d 746F6E73 		.ascii	"tons\\CE210709_CapSense_Linear_Slider_and_Buttons.c"
 1693      5C434532 
 1693      31303730 
 1693      395F4361 
 1693      7053656E 
 1694 01cf 7964736E 		.ascii	"ydsn\000"
 1694      00
 1695              	.LASF28:
 1696 01d4 736E7343 		.ascii	"snsClkSource\000"
 1696      6C6B536F 
 1696      75726365 
 1696      00
 1697              	.LASF32:
 1698 01e1 62746E30 		.ascii	"btn0\000"
 1698      00
 1699              	.LASF33:
 1700 01e6 62746E31 		.ascii	"btn1\000"
 1700      00
 1701              	.LASF34:
 1702 01eb 62746E32 		.ascii	"btn2\000"
 1702      00
 1703              	.LASF92:
 1704 01f0 4C45445F 		.ascii	"LED_Control\000"
 1704      436F6E74 
 1704      726F6C00 
 1705              	.LASF10:
 1706 01fc 75696E74 		.ascii	"uint16\000"
 1706      313600
 1707              	.LASF85:
 1708 0203 43617053 		.ascii	"CapSense_RunTuner\000"
 1708      656E7365 
 1708      5F52756E 
 1708      54756E65 
 1708      7200
 1709              	.LASF9:
 1710 0215 75696E74 		.ascii	"uint8\000"
 1710      3800
 1711              	.LASF67:
 1712 021b 63757272 		.ascii	"currentState\000"
 1712      656E7453 
 1712      74617465 
ARM GAS  C:\Users\MICHAE~1.MAC\AppData\Local\Temp\ccdYMnG1.s 			page 38


 1712      00
 1713              	.LASF62:
 1714 0228 53454E53 		.ascii	"SENSOR_SCAN\000"
 1714      4F525F53 
 1714      43414E00 
 1715              	.LASF0:
 1716 0234 7369676E 		.ascii	"signed char\000"
 1716      65642063 
 1716      68617200 
 1717              	.LASF12:
 1718 0240 666C6F61 		.ascii	"float\000"
 1718      7400
 1719              	.LASF35:
 1720 0246 43617053 		.ascii	"CapSense_RAM_WD_LIST_STRUCT\000"
 1720      656E7365 
 1720      5F52414D 
 1720      5F57445F 
 1720      4C495354 
 1721              	.LASF58:
 1722 0262 736E7254 		.ascii	"snrTestSensorId\000"
 1722      65737453 
 1722      656E736F 
 1722      72496400 
 1723              	.LASF14:
 1724 0272 63686172 		.ascii	"char\000"
 1724      00
 1725              	.LASF4:
 1726 0277 6C6F6E67 		.ascii	"long int\000"
 1726      20696E74 
 1726      00
 1727              	.LASF20:
 1728 0280 66696E67 		.ascii	"fingerTh\000"
 1728      65725468 
 1728      00
 1729              	.LASF66:
 1730 0289 63656E74 		.ascii	"centroid\000"
 1730      726F6964 
 1730      00
 1731              	.LASF27:
 1732 0292 736E7343 		.ascii	"snsClk\000"
 1732      6C6B00
 1733              	.LASF94:
 1734 0299 43617053 		.ascii	"CapSense_dsRam\000"
 1734      656E7365 
 1734      5F647352 
 1734      616D00
 1735              	.LASF1:
 1736 02a8 756E7369 		.ascii	"unsigned char\000"
 1736      676E6564 
 1736      20636861 
 1736      7200
 1737              	.LASF23:
 1738 02b6 68797374 		.ascii	"hysteresis\000"
 1738      65726573 
 1738      697300
 1739              	.LASF83:
 1740 02c1 536D6172 		.ascii	"SmartIO_Port2_Start\000"
ARM GAS  C:\Users\MICHAE~1.MAC\AppData\Local\Temp\ccdYMnG1.s 			page 39


 1740      74494F5F 
 1740      506F7274 
 1740      325F5374 
 1740      61727400 
 1741              	.LASF46:
 1742 02d5 74756E65 		.ascii	"tunerCmd\000"
 1742      72436D64 
 1742      00
 1743              	.LASF17:
 1744 02de 6C6F6E67 		.ascii	"long double\000"
 1744      20646F75 
 1744      626C6500 
 1745              	.LASF78:
 1746 02ea 455A4932 		.ascii	"EZI2C_Start\000"
 1746      435F5374 
 1746      61727400 
 1747              	.LASF50:
 1748 02f6 77646774 		.ascii	"wdgtStatus\000"
 1748      53746174 
 1748      757300
 1749              	.LASF74:
 1750 0301 4C454435 		.ascii	"LED5_Write\000"
 1750      5F577269 
 1750      746500
 1751              	.LASF72:
 1752 030c 4C454431 		.ascii	"LED11_Write\000"
 1752      315F5772 
 1752      69746500 
 1753              	.LASF15:
 1754 0318 43617053 		.ascii	"CapSense_THRESHOLD_TYPE\000"
 1754      656E7365 
 1754      5F544852 
 1754      4553484F 
 1754      4C445F54 
 1755              	.LASF64:
 1756 0330 50524F43 		.ascii	"PROCESS_DATA\000"
 1756      4553535F 
 1756      44415441 
 1756      00
 1757              	.LASF42:
 1758 033d 43617053 		.ascii	"CapSense_RAM_SNS_LIST_STRUCT\000"
 1758      656E7365 
 1758      5F52414D 
 1758      5F534E53 
 1758      5F4C4953 
 1759              	.LASF7:
 1760 035a 6C6F6E67 		.ascii	"long long unsigned int\000"
 1760      206C6F6E 
 1760      6720756E 
 1760      7369676E 
 1760      65642069 
 1761              	.LASF80:
 1762 0371 43617053 		.ascii	"CapSense_Start\000"
 1762      656E7365 
 1762      5F537461 
 1762      727400
 1763              	.LASF8:
ARM GAS  C:\Users\MICHAE~1.MAC\AppData\Local\Temp\ccdYMnG1.s 			page 40


 1764 0380 756E7369 		.ascii	"unsigned int\000"
 1764      676E6564 
 1764      20696E74 
 1764      00
 1765              	.LASF76:
 1766 038d 4C454437 		.ascii	"LED7_Write\000"
 1766      5F577269 
 1766      746500
 1767              	.LASF79:
 1768 0398 455A4932 		.ascii	"EZI2C_EzI2CSetBuffer1\000"
 1768      435F457A 
 1768      49324353 
 1768      65744275 
 1768      66666572 
 1769              	.LASF49:
 1770 03ae 77646774 		.ascii	"wdgtEnable\000"
 1770      456E6162 
 1770      6C6500
 1771              	.LASF87:
 1772 03b9 43795379 		.ascii	"CySysPmSleep\000"
 1772      73506D53 
 1772      6C656570 
 1772      00
 1773              	.LASF86:
 1774 03c6 43617053 		.ascii	"CapSense_ScanAllWidgets\000"
 1774      656E7365 
 1774      5F536361 
 1774      6E416C6C 
 1774      57696467 
 1775              	.LASF41:
 1776 03de 43617053 		.ascii	"CapSense_RAM_SNS_STRUCT\000"
 1776      656E7365 
 1776      5F52414D 
 1776      5F534E53 
 1776      5F535452 
 1777              	.LASF16:
 1778 03f6 43617053 		.ascii	"CapSense_LOW_BSLN_RST_TYPE\000"
 1778      656E7365 
 1778      5F4C4F57 
 1778      5F42534C 
 1778      4E5F5253 
 1779              	.LASF48:
 1780 0411 73746174 		.ascii	"status\000"
 1780      757300
 1781              	.LASF45:
 1782 0418 6877436C 		.ascii	"hwClock\000"
 1782      6F636B00 
 1783              	.LASF68:
 1784 0420 43617053 		.ascii	"CapSense_GetCentroidPos\000"
 1784      656E7365 
 1784      5F476574 
 1784      43656E74 
 1784      726F6964 
 1785              	.LASF59:
 1786 0438 736E7254 		.ascii	"snrTestScanCounter\000"
 1786      65737453 
 1786      63616E43 
ARM GAS  C:\Users\MICHAE~1.MAC\AppData\Local\Temp\ccdYMnG1.s 			page 41


 1786      6F756E74 
 1786      657200
 1787              	.LASF93:
 1788 044b 6D61696E 		.ascii	"main\000"
 1788      00
 1789              	.LASF70:
 1790 0450 4C454439 		.ascii	"LED9_Write\000"
 1790      5F577269 
 1790      746500
 1791              	.LASF63:
 1792 045b 57414954 		.ascii	"WAIT_FOR_SCAN_COMPLETE\000"
 1792      5F464F52 
 1792      5F534341 
 1792      4E5F434F 
 1792      4D504C45 
 1793              	.LASF19:
 1794 0472 7265736F 		.ascii	"resolution\000"
 1794      6C757469 
 1794      6F6E00
 1795              	.LASF3:
 1796 047d 73686F72 		.ascii	"short unsigned int\000"
 1796      7420756E 
 1796      7369676E 
 1796      65642069 
 1796      6E7400
 1797              	.LASF81:
 1798 0490 54435057 		.ascii	"TCPWM1_Start\000"
 1798      4D315F53 
 1798      74617274 
 1798      00
 1799              	.LASF56:
 1800 049d 736E734C 		.ascii	"snsList\000"
 1800      69737400 
 1801              	.LASF53:
 1802 04a5 6D6F6443 		.ascii	"modCsdClk\000"
 1802      7364436C 
 1802      6B00
 1803              	.LASF47:
 1804 04af 7363616E 		.ascii	"scanCounter\000"
 1804      436F756E 
 1804      74657200 
 1805              	.LASF22:
 1806 04bb 6E4E6F69 		.ascii	"nNoiseTh\000"
 1806      73655468 
 1806      00
 1807              	.LASF61:
 1808 04c4 43617053 		.ascii	"CapSense_RAM_STRUCT\000"
 1808      656E7365 
 1808      5F52414D 
 1808      5F535452 
 1808      55435400 
 1809              	.LASF11:
 1810 04d8 75696E74 		.ascii	"uint32\000"
 1810      333200
 1811              	.LASF90:
 1812 04df 6D61696E 		.ascii	"main.c\000"
 1812      2E6300
ARM GAS  C:\Users\MICHAE~1.MAC\AppData\Local\Temp\ccdYMnG1.s 			page 42


 1813              	.LASF5:
 1814 04e6 6C6F6E67 		.ascii	"long unsigned int\000"
 1814      20756E73 
 1814      69676E65 
 1814      6420696E 
 1814      7400
 1815              	.LASF13:
 1816 04f8 646F7562 		.ascii	"double\000"
 1816      6C6500
 1817              	.LASF37:
 1818 04ff 62736C6E 		.ascii	"bslnExt\000"
 1818      45787400 
 1819              	.LASF39:
 1820 0507 6E656742 		.ascii	"negBslnRstCnt\000"
 1820      736C6E52 
 1820      7374436E 
 1820      7400
 1821              	.LASF21:
 1822 0515 6E6F6973 		.ascii	"noiseTh\000"
 1822      65546800 
 1823              	.LASF84:
 1824 051d 43617053 		.ascii	"CapSense_IsBusy\000"
 1824      656E7365 
 1824      5F497342 
 1824      75737900 
 1825              	.LASF18:
 1826 052d 73697A65 		.ascii	"sizetype\000"
 1826      74797065 
 1826      00
 1827              	.LASF82:
 1828 0536 54435057 		.ascii	"TCPWM2_Start\000"
 1828      4D325F53 
 1828      74617274 
 1828      00
 1829              	.LASF54:
 1830 0543 6D6F6443 		.ascii	"modCsxClk\000"
 1830      7378436C 
 1830      6B00
 1831              	.LASF30:
 1832 054d 706F7369 		.ascii	"position\000"
 1832      74696F6E 
 1832      00
 1833              	.LASF57:
 1834 0556 736E7254 		.ascii	"snrTestWidgetId\000"
 1834      65737457 
 1834      69646765 
 1834      74496400 
 1835              	.LASF88:
 1836 0566 43617053 		.ascii	"CapSense_ProcessAllWidgets\000"
 1836      656E7365 
 1836      5F50726F 
 1836      63657373 
 1836      416C6C57 
 1837              	.LASF44:
 1838 0581 64657669 		.ascii	"deviceId\000"
 1838      63654964 
 1838      00
ARM GAS  C:\Users\MICHAE~1.MAC\AppData\Local\Temp\ccdYMnG1.s 			page 43


 1839              	.LASF73:
 1840 058a 4C454434 		.ascii	"LED4_Write\000"
 1840      5F577269 
 1840      746500
 1841              	.LASF71:
 1842 0595 4C454431 		.ascii	"LED10_Write\000"
 1842      305F5772 
 1842      69746500 
 1843              	.LASF51:
 1844 05a1 736E7353 		.ascii	"snsStatus\000"
 1844      74617475 
 1844      7300
 1845              	.LASF69:
 1846 05ab 43617053 		.ascii	"CapSense_IsWidgetActive\000"
 1846      656E7365 
 1846      5F497357 
 1846      69646765 
 1846      74416374 
 1847              	.LASF31:
 1848 05c3 43617053 		.ascii	"CapSense_RAM_WD_SLIDER_STRUCT\000"
 1848      656E7365 
 1848      5F52414D 
 1848      5F57445F 
 1848      534C4944 
 1849              	.LASF65:
 1850 05e1 44455649 		.ascii	"DEVICE_STATE\000"
 1850      43455F53 
 1850      54415445 
 1850      00
 1851              		.ident	"GCC: (GNU Tools for ARM Embedded Processors) 5.4.1 20160609 (release) [ARM/embedded-5-bran
